2025-11-11 14:51:52,473 - Caelestia - [31mERROR[0m - Fatal error: Message recipient disconnected from message bus without replying
Traceback (most recent call last):
  File "/home/kkleytt/Projects/system/hyprland/server/consumer.py", line 326, in start_server
    asyncio.run(async_start_server())
  File "/run/current-system/sw/lib/python3.12/asyncio/runners.py", line 195, in run
    return runner.run(main)
           ^^^^^^^^^^^^^^^^
  File "/run/current-system/sw/lib/python3.12/asyncio/runners.py", line 118, in run
    return self._loop.run_until_complete(task)
           ^^^^^^^^^^^^^^^^^^^^^^^^^^^^^^^^^^^
  File "/run/current-system/sw/lib/python3.12/asyncio/base_events.py", line 691, in run_until_complete
    return future.result()
           ^^^^^^^^^^^^^^^
  File "/home/kkleytt/Projects/system/hyprland/server/consumer.py", line 319, in async_start_server
    _dbus = await connect_dbus()
            ^^^^^^^^^^^^^^^^^^^^
  File "/home/kkleytt/Projects/system/hyprland/server/consumer.py", line 53, in connect_dbus
    introspection = await bus.introspect(
                    ^^^^^^^^^^^^^^^^^^^^^
  File "/home/kkleytt/Projects/system/hyprland/server/.venv/lib/python3.12/site-packages/dbus_fast/aio/message_bus.py", line 317, in introspect
    return await future
           ^^^^^^^^^^^^
  File "src/dbus_fast/message_bus.py", line 291, in dbus_fast.message_bus.BaseMessageBus.introspect.reply_notify
  File "src/dbus_fast/message_bus.py", line 787, in dbus_fast.message_bus.BaseMessageBus._check_method_return
dbus_fast.errors.DBusError: Message recipient disconnected from message bus without replying
2025-11-11 14:56:24,504 - Caelestia - [32mINFO[0m - OSD server started at /home/kkleytt/.cache/caelestia/osd.fifo
2025-11-11 14:56:24,504 - Caelestia - [32mINFO[0m - Consumer started, waiting for messages...
2025-11-11 14:56:24,507 - Caelestia - [33mWARNING[0m - Invalid JSON: {"group":"caelestia-panels","title":"Caelestia","body":"Unhide bar","icon":"unhide","timeout":2500,"sound":"toggle","urgency":"normal"}{"group":"caelestia-panels","title":"Caelestia","body":"Hide bar","icon":"hide","timeout":2500,"sound":"toggle","urgency":"normal"}{"group":"caelestia-panels","title":"Caelestia","body":"Unhide bar","icon":"unhide","timeout":2500,"sound":"toggle","urgency":"normal"}{"group":"caelestia-panels","title":"Caelestia","body":"Hide bar","icon":"hide","timeout":2500,"sound":"toggle","urgency":"normal"}
2025-11-11 14:56:24,815 - Caelestia - [32mINFO[0m - [SENT] 1, 0, caelestia-panels, Caelestia, Unhide bar, 2500
2025-11-11 14:56:25,420 - Caelestia - [32mINFO[0m - [SENT] 1, 1, caelestia-panels, Caelestia, Hide bar, 2500
2025-11-11 14:56:25,801 - Caelestia - [32mINFO[0m - [SENT] 1, 1, caelestia-panels, Caelestia, Unhide bar, 2500
2025-11-11 14:56:26,302 - Caelestia - [32mINFO[0m - [SENT] 1, 1, caelestia-panels, Caelestia, Hide bar, 2500
2025-11-11 14:56:26,746 - Caelestia - [32mINFO[0m - [SENT] 1, 1, caelestia-panels, Caelestia, Unhide bar, 2500
2025-11-11 14:56:27,122 - Caelestia - [32mINFO[0m - [SENT] 1, 1, caelestia-panels, Caelestia, Hide bar, 2500
2025-11-11 14:56:27,519 - Caelestia - [32mINFO[0m - [SENT] 1, 1, caelestia-panels, Caelestia, Unhide bar, 2500
2025-11-11 14:56:27,793 - Caelestia - [32mINFO[0m - [SENT] 1, 1, caelestia-panels, Caelestia, Hide bar, 2500
2025-11-11 14:56:28,118 - Caelestia - [32mINFO[0m - [SENT] 1, 1, caelestia-panels, Caelestia, Unhide bar, 2500
2025-11-11 14:56:28,372 - Caelestia - [32mINFO[0m - [SENT] 1, 1, caelestia-panels, Caelestia, Hide bar, 2500
2025-11-11 14:56:28,626 - Caelestia - [32mINFO[0m - [SENT] 1, 1, caelestia-panels, Caelestia, Unhide bar, 2500
2025-11-11 14:56:28,869 - Caelestia - [32mINFO[0m - [SENT] 1, 1, caelestia-panels, Caelestia, Hide bar, 2500
2025-11-11 14:56:29,110 - Caelestia - [33mWARNING[0m - Invalid JSON: {"group":"caelestia-panels","title":"Caelestia","body":"Hide bar","icon":"hide","timeout":2500,"sound":"toggle","urgency":"normal"}{"group":"caelestia-panels","title":"Caelestia","body":"Unhide bar","icon":"unhide","timeout":2500,"sound":"toggle","urgency":"normal"}
2025-11-11 14:56:29,221 - Caelestia - [32mINFO[0m - [SENT] 1, 1, caelestia-panels, Caelestia, Unhide bar, 2500
2025-11-11 14:56:29,457 - Caelestia - [32mINFO[0m - [SENT] 1, 1, caelestia-panels, Caelestia, Hide bar, 2500
2025-11-11 14:56:29,708 - Caelestia - [32mINFO[0m - [SENT] 1, 1, caelestia-panels, Caelestia, Unhide bar, 2500
2025-11-11 14:56:29,945 - Caelestia - [33mWARNING[0m - Invalid JSON: {"group":"caelestia-panels","title":"Caelestia","body":"Unhide bar","icon":"unhide","timeout":2500,"sound":"toggle","urgency":"normal"}{"group":"caelestia-panels","title":"Caelestia","body":"Hide bar","icon":"hide","timeout":2500,"sound":"toggle","urgency":"normal"}
2025-11-11 14:56:30,333 - Caelestia - [32mINFO[0m - [SENT] 1, 1, caelestia-panels, Caelestia, Hide bar, 2500
2025-11-11 14:56:30,727 - Caelestia - [32mINFO[0m - [SENT] 1, 1, caelestia-panels, Caelestia, Unhide bar, 2500
2025-11-11 14:56:31,048 - Caelestia - [32mINFO[0m - [SENT] 1, 1, caelestia-panels, Caelestia, Hide bar, 2500
2025-11-11 14:56:31,489 - Caelestia - [32mINFO[0m - [SENT] 1, 1, caelestia-panels, Caelestia, Unhide bar, 2500
2025-11-11 14:56:31,893 - Caelestia - [32mINFO[0m - [SENT] 1, 1, caelestia-panels, Caelestia, Hide bar, 2500
2025-11-11 14:56:34,636 - Caelestia - [32mINFO[0m - [CLOSE] 1, caelestia-panels, Caelestia, Hide bar, 2500
2025-11-11 14:56:36,510 - Caelestia - [32mINFO[0m - [SENT] 2, 0, caelestia-panels, Caelestia, Unhide bar, 2500
2025-11-11 14:56:38,066 - Caelestia - [32mINFO[0m - Notification blocked for group: language
2025-11-11 14:56:38,717 - Caelestia - [32mINFO[0m - Notification blocked for group: language
2025-11-11 14:56:39,252 - Caelestia - [32mINFO[0m - [CLOSE] 2, caelestia-panels, Caelestia, Unhide bar, 2500
2025-11-11 14:56:39,374 - Caelestia - [32mINFO[0m - Notification blocked for group: language
2025-11-11 14:56:40,004 - Caelestia - [32mINFO[0m - Notification blocked for group: language
2025-11-12 01:08:48,102 - Caelestia - [32mINFO[0m - Notification blocked for group: language
2025-11-12 01:08:48,792 - Caelestia - [32mINFO[0m - Notification blocked for group: language
2025-11-12 01:08:59,741 - Caelestia - [32mINFO[0m - Notification blocked for group: language
2025-11-12 01:09:10,509 - Caelestia - [32mINFO[0m - Notification blocked for group: language
2025-11-12 01:09:13,651 - Caelestia - [32mINFO[0m - Notification blocked for group: language
2025-11-12 01:09:21,970 - Caelestia - [32mINFO[0m - Notification blocked for group: language
2025-11-12 01:09:23,633 - Caelestia - [32mINFO[0m - Notification blocked for group: language
2025-11-12 01:09:24,380 - Caelestia - [32mINFO[0m - Notification blocked for group: language
2025-11-12 01:09:30,252 - Caelestia - [32mINFO[0m - Notification blocked for group: language
2025-11-12 01:09:56,660 - Caelestia - [32mINFO[0m - Notification blocked for group: language
2025-11-12 01:10:10,245 - Caelestia - [32mINFO[0m - Notification blocked for group: language
2025-11-12 01:11:45,805 - Caelestia - [32mINFO[0m - Notification blocked for group: language
2025-11-12 01:17:47,417 - Caelestia - [32mINFO[0m - Notification blocked for group: language
2025-11-12 01:20:05,903 - Caelestia - [32mINFO[0m - Notification blocked for group: language
2025-11-12 01:22:22,404 - Caelestia - [32mINFO[0m - Notification blocked for group: language
2025-11-12 01:23:20,108 - Caelestia - [32mINFO[0m - Notification blocked for group: language
2025-11-12 01:31:15,956 - Caelestia - [32mINFO[0m - Notification blocked for group: language
2025-11-12 01:31:36,734 - Caelestia - [32mINFO[0m - Notification blocked for group: language
2025-11-12 01:31:43,255 - Caelestia - [32mINFO[0m - Notification blocked for group: language
2025-11-12 01:31:54,633 - Caelestia - [32mINFO[0m - Notification blocked for group: language
2025-11-12 01:31:55,638 - Caelestia - [32mINFO[0m - Notification blocked for group: language
2025-11-12 01:32:00,091 - Caelestia - [32mINFO[0m - Notification blocked for group: language
2025-11-12 01:32:02,839 - Caelestia - [32mINFO[0m - Notification blocked for group: language
2025-11-12 01:32:15,029 - Caelestia - [32mINFO[0m - Notification blocked for group: language
2025-11-12 01:32:16,672 - Caelestia - [32mINFO[0m - Notification blocked for group: language
2025-11-12 01:32:22,712 - Caelestia - [32mINFO[0m - [SENT] 3, 0, screenshot, Screenshot, Take window screenshot, 2500
2025-11-12 01:32:22,978 - Caelestia - [32mINFO[0m - [SENT] 3, 3, screenshot, Screenshot, Name is 2025-11-12_01-32-22.png, 2500
2025-11-12 01:32:25,726 - Caelestia - [32mINFO[0m - [CLOSE] 3, screenshot, Screenshot, Name is 2025-11-12_01-32-22.png, 2500
2025-11-12 01:32:29,367 - Caelestia - [32mINFO[0m - [SENT] 4, 0, screenshot, Screenshot, Take window screenshot, 2500
2025-11-12 01:32:29,601 - Caelestia - [32mINFO[0m - [SENT] 4, 4, screenshot, Screenshot, Name is 2025-11-12_01-32-28.png, 2500
2025-11-12 01:32:32,332 - Caelestia - [32mINFO[0m - [CLOSE] 4, screenshot, Screenshot, Name is 2025-11-12_01-32-28.png, 2500
2025-11-12 01:32:53,380 - Caelestia - [32mINFO[0m - Notification blocked for group: language
2025-11-12 01:32:58,193 - Caelestia - [32mINFO[0m - Notification blocked for group: language
2025-11-12 01:34:39,758 - Caelestia - [32mINFO[0m - Notification blocked for group: language
2025-11-12 02:11:30,064 - Caelestia - [32mINFO[0m - Notification blocked for group: language
2025-11-12 02:12:39,887 - Caelestia - [32mINFO[0m - Notification blocked for group: language
2025-11-12 02:17:07,429 - Caelestia - [32mINFO[0m - Notification blocked for group: language
2025-11-12 02:17:46,937 - Caelestia - [32mINFO[0m - Notification blocked for group: language
2025-11-12 02:25:18,701 - Caelestia - [32mINFO[0m - [SENT] 6, 0, hyprland, Caelestia, on, 2500
2025-11-12 02:25:21,463 - Caelestia - [32mINFO[0m - [CLOSE] 6, hyprland, Caelestia, on, 2500
2025-11-12 02:25:41,403 - Caelestia - [32mINFO[0m - [SENT] 7, 0, hyprland, Hyprland, on, 2500
2025-11-12 02:25:44,238 - Caelestia - [32mINFO[0m - [CLOSE] 7, hyprland, Hyprland, on, 2500
2025-11-12 02:25:56,658 - Caelestia - [32mINFO[0m - [SENT] 8, 0, hyprland, Hyprland, The device was unlocked, 2500
2025-11-12 02:25:59,469 - Caelestia - [32mINFO[0m - [CLOSE] 8, hyprland, Hyprland, The device was unlocked, 2500
2025-11-12 02:26:00,348 - Caelestia - [32mINFO[0m - [SENT] 9, 0, hyprland, Hyprland, The device will be locked after 1 minute., 2500
2025-11-12 02:26:03,150 - Caelestia - [32mINFO[0m - [CLOSE] 9, hyprland, Hyprland, The device will be locked after 1 minute., 2500
2025-11-12 02:26:04,170 - Caelestia - [32mINFO[0m - [SENT] 10, 0, hyprland, Hyprland, The device will be locked after 1 minute., 2500
2025-11-12 02:26:06,986 - Caelestia - [32mINFO[0m - [CLOSE] 10, hyprland, Hyprland, The device will be locked after 1 minute., 2500
2025-11-12 02:26:15,046 - Caelestia - [32mINFO[0m - [SENT] 11, 0, hyprland, Hyprland, The device was unlocked, 2500
2025-11-12 02:26:17,800 - Caelestia - [32mINFO[0m - [CLOSE] 11, hyprland, Hyprland, The device was unlocked, 2500
2025-11-12 02:45:48,144 - Caelestia - [32mINFO[0m - Notification blocked for group: language
2025-11-12 02:45:57,037 - Caelestia - [32mINFO[0m - Notification blocked for group: language
2025-11-12 02:45:59,963 - Caelestia - [32mINFO[0m - Notification blocked for group: language
2025-11-12 02:46:27,890 - Caelestia - [32mINFO[0m - Notification blocked for group: language
2025-11-12 02:46:31,193 - Caelestia - [32mINFO[0m - Notification blocked for group: language
2025-11-12 02:47:54,996 - Caelestia - [32mINFO[0m - Notification blocked for group: language
2025-11-12 02:48:33,647 - Caelestia - [32mINFO[0m - Notification blocked for group: language
2025-11-12 02:48:50,609 - Caelestia - [32mINFO[0m - Notification blocked for group: language
2025-11-12 02:50:25,573 - Caelestia - [32mINFO[0m - Notification blocked for group: language
2025-11-12 02:52:37,406 - Caelestia - [32mINFO[0m - Notification blocked for group: language
2025-11-12 03:10:40,052 - Caelestia - [32mINFO[0m - Notification blocked for group: language
2025-11-12 03:10:48,201 - Caelestia - [32mINFO[0m - Notification blocked for group: language
2025-11-12 03:10:50,223 - Caelestia - [32mINFO[0m - Notification blocked for group: language
2025-11-12 03:10:59,669 - Caelestia - [32mINFO[0m - Notification blocked for group: language
2025-11-12 03:11:01,940 - Caelestia - [32mINFO[0m - Notification blocked for group: language
2025-11-12 03:11:20,149 - Caelestia - [32mINFO[0m - Notification blocked for group: language
2025-11-12 03:11:21,744 - Caelestia - [32mINFO[0m - Notification blocked for group: language
2025-11-12 03:11:39,823 - Caelestia - [32mINFO[0m - Notification blocked for group: language
2025-11-12 03:11:40,976 - Caelestia - [32mINFO[0m - Notification blocked for group: language
2025-11-12 03:12:00,423 - Caelestia - [32mINFO[0m - Notification blocked for group: language
2025-11-12 03:12:04,779 - Caelestia - [32mINFO[0m - Notification blocked for group: language
2025-11-12 03:13:41,555 - Caelestia - [32mINFO[0m - Notification blocked for group: language
2025-11-12 03:17:04,995 - Caelestia - [32mINFO[0m - Notification blocked for group: language
2025-11-12 03:18:01,363 - Caelestia - [32mINFO[0m - Notification blocked for group: language
2025-11-12 03:23:22,784 - Caelestia - [32mINFO[0m - [SENT] 13, 0, airplane, Airplane, Enabled, 2500
2025-11-12 03:23:25,204 - Caelestia - [32mINFO[0m - [SENT] 13, 13, airplane, Airplane, Disabled, 2500
2025-11-12 03:23:27,922 - Caelestia - [32mINFO[0m - [CLOSE] 13, airplane, Airplane, Disabled, 2500
2025-11-12 03:23:30,400 - Caelestia - [32mINFO[0m - [SENT] 14, 0, airplane, Airplane, Enabled, 2500
2025-11-12 03:23:32,892 - Caelestia - [32mINFO[0m - [SENT] 14, 14, airplane, Airplane, Disabled, 2500
2025-11-12 03:23:35,616 - Caelestia - [32mINFO[0m - [CLOSE] 14, airplane, Airplane, Disabled, 2500
2025-11-12 03:24:20,591 - Caelestia - [32mINFO[0m - [SENT] 15, 0, airplane, Airplane, Disabled, 2500
2025-11-12 03:24:23,364 - Caelestia - [32mINFO[0m - [CLOSE] 15, airplane, Airplane, Disabled, 2500
2025-11-12 03:24:23,601 - Caelestia - [32mINFO[0m - [SENT] 16, 0, airplane, Airplane, Enabled, 2500
2025-11-12 03:24:25,435 - Caelestia - [32mINFO[0m - [SENT] 16, 16, airplane, Airplane, Disabled, 2500
2025-11-12 03:24:28,162 - Caelestia - [32mINFO[0m - [CLOSE] 16, airplane, Airplane, Disabled, 2500
2025-11-12 03:27:30,121 - Caelestia - [32mINFO[0m - [SENT] 17, 0, airplane, Airplane, Disabled, 2500
2025-11-12 03:27:32,866 - Caelestia - [32mINFO[0m - [CLOSE] 17, airplane, Airplane, Disabled, 2500
2025-11-12 03:27:33,952 - Caelestia - [32mINFO[0m - [SENT] 18, 0, airplane, Airplane, Enabled, 2500
2025-11-12 03:27:35,902 - Caelestia - [32mINFO[0m - [SENT] 18, 18, airplane, Airplane, Disabled, 2500
2025-11-12 03:27:38,657 - Caelestia - [32mINFO[0m - [CLOSE] 18, airplane, Airplane, Disabled, 2500
2025-11-12 03:28:29,424 - Caelestia - [32mINFO[0m - Notification blocked for group: language
2025-11-12 03:28:35,170 - Caelestia - [32mINFO[0m - Notification blocked for group: language
2025-11-12 03:28:49,621 - Caelestia - [32mINFO[0m - Notification blocked for group: language
2025-11-12 03:28:52,304 - Caelestia - [32mINFO[0m - Notification blocked for group: language
2025-11-12 03:29:42,221 - Caelestia - [32mINFO[0m - Notification blocked for group: language
2025-11-12 03:30:13,147 - Caelestia - [32mINFO[0m - Notification blocked for group: language
2025-11-12 03:30:15,024 - Caelestia - [32mINFO[0m - Notification blocked for group: language
2025-11-12 03:30:20,300 - Caelestia - [32mINFO[0m - Notification blocked for group: language
2025-11-12 03:30:28,569 - Caelestia - [32mINFO[0m - Notification blocked for group: language
2025-11-12 03:30:30,173 - Caelestia - [32mINFO[0m - Notification blocked for group: language
2025-11-12 03:32:51,683 - Caelestia - [32mINFO[0m - Notification blocked for group: language
2025-11-12 03:33:12,173 - Caelestia - [32mINFO[0m - Notification blocked for group: language
2025-11-12 03:33:15,042 - Caelestia - [32mINFO[0m - Notification blocked for group: language
2025-11-12 03:33:21,314 - Caelestia - [32mINFO[0m - Notification blocked for group: language
2025-11-12 03:33:22,034 - Caelestia - [32mINFO[0m - Notification blocked for group: language
2025-11-12 03:33:50,806 - Caelestia - [32mINFO[0m - Notification blocked for group: language
2025-11-12 03:33:51,736 - Caelestia - [32mINFO[0m - Notification blocked for group: language
2025-11-12 03:34:02,484 - Caelestia - [32mINFO[0m - Notification blocked for group: language
2025-11-12 03:37:40,404 - Caelestia - [32mINFO[0m - Notification blocked for group: language
2025-11-12 03:37:46,212 - Caelestia - [32mINFO[0m - Notification blocked for group: language
2025-11-12 03:38:40,804 - Caelestia - [32mINFO[0m - Notification blocked for group: language
2025-11-12 03:38:44,863 - Caelestia - [32mINFO[0m - Notification blocked for group: language
2025-11-12 03:38:45,648 - Caelestia - [32mINFO[0m - Notification blocked for group: language
2025-11-12 03:39:28,159 - Caelestia - [32mINFO[0m - Notification blocked for group: language
2025-11-12 03:40:14,692 - Caelestia - [32mINFO[0m - Notification blocked for group: language
2025-11-12 03:40:21,104 - Caelestia - [32mINFO[0m - Notification blocked for group: language
2025-11-12 03:40:32,232 - Caelestia - [32mINFO[0m - Notification blocked for group: language
2025-11-12 03:40:35,188 - Caelestia - [32mINFO[0m - Notification blocked for group: language
2025-11-12 03:40:42,802 - Caelestia - [32mINFO[0m - Notification blocked for group: language
2025-11-12 03:40:47,155 - Caelestia - [32mINFO[0m - Notification blocked for group: language
2025-11-12 03:40:50,721 - Caelestia - [32mINFO[0m - Notification blocked for group: language
2025-11-12 03:40:58,347 - Caelestia - [32mINFO[0m - Notification blocked for group: language
2025-11-12 03:47:37,141 - Caelestia - [32mINFO[0m - Notification blocked for group: language
2025-11-12 03:48:11,254 - Caelestia - [32mINFO[0m - Notification blocked for group: language
2025-11-12 03:49:31,100 - Caelestia - [32mINFO[0m - Notification blocked for group: language
2025-11-12 03:49:56,156 - Caelestia - [32mINFO[0m - Notification blocked for group: language
2025-11-12 03:50:01,560 - Caelestia - [32mINFO[0m - Notification blocked for group: language
2025-11-12 03:51:57,543 - Caelestia - [32mINFO[0m - Notification blocked for group: language
2025-11-12 03:53:16,375 - Caelestia - [32mINFO[0m - Notification blocked for group: language
2025-11-12 03:53:35,767 - Caelestia - [32mINFO[0m - Notification blocked for group: language
2025-11-12 03:54:05,513 - Caelestia - [32mINFO[0m - Notification blocked for group: language
2025-11-12 03:54:07,209 - Caelestia - [32mINFO[0m - Notification blocked for group: language
2025-11-12 03:56:25,638 - Caelestia - [32mINFO[0m - Notification blocked for group: language
2025-11-12 03:56:29,193 - Caelestia - [32mINFO[0m - Notification blocked for group: language
2025-11-12 03:58:18,818 - Caelestia - [32mINFO[0m - Notification blocked for group: language
2025-11-12 03:59:20,484 - Caelestia - [32mINFO[0m - Notification blocked for group: language
2025-11-12 03:59:25,883 - Caelestia - [32mINFO[0m - Notification blocked for group: language
2025-11-12 03:59:38,860 - Caelestia - [32mINFO[0m - Notification blocked for group: language
2025-11-12 03:59:43,724 - Caelestia - [32mINFO[0m - Notification blocked for group: language
2025-11-12 04:00:39,090 - Caelestia - [32mINFO[0m - Notification blocked for group: language
2025-11-12 04:00:41,953 - Caelestia - [32mINFO[0m - Notification blocked for group: language
2025-11-12 04:00:50,960 - Caelestia - [32mINFO[0m - Notification blocked for group: language
2025-11-12 04:00:59,175 - Caelestia - [32mINFO[0m - Notification blocked for group: language
2025-11-12 04:02:25,214 - Caelestia - [32mINFO[0m - Notification blocked for group: language
2025-11-12 04:03:42,928 - Caelestia - [32mINFO[0m - Notification blocked for group: language
2025-11-12 04:03:53,159 - Caelestia - [32mINFO[0m - Notification blocked for group: language
2025-11-12 04:04:14,233 - Caelestia - [32mINFO[0m - Notification blocked for group: language
2025-11-12 04:04:31,811 - Caelestia - [32mINFO[0m - Notification blocked for group: language
2025-11-12 04:04:56,403 - Caelestia - [32mINFO[0m - Notification blocked for group: language
2025-11-12 04:05:29,183 - Caelestia - [32mINFO[0m - Notification blocked for group: language
2025-11-12 04:06:59,196 - Caelestia - [32mINFO[0m - Notification blocked for group: language
2025-11-12 04:07:07,655 - Caelestia - [32mINFO[0m - Notification blocked for group: language
2025-11-12 04:07:09,021 - Caelestia - [32mINFO[0m - Notification blocked for group: language
2025-11-12 04:07:12,229 - Caelestia - [32mINFO[0m - Notification blocked for group: language
2025-11-12 04:07:16,021 - Caelestia - [32mINFO[0m - Notification blocked for group: language
2025-11-12 04:07:21,492 - Caelestia - [32mINFO[0m - Notification blocked for group: language
2025-11-12 04:12:58,880 - Caelestia - [32mINFO[0m - [SENT] 19, 0, caelestia-panels, Caelestia, Hide bar, 2500
2025-11-12 04:13:01,378 - Caelestia - [32mINFO[0m - [SENT] 19, 19, caelestia-panels, Caelestia, Unhide bar, 2500
2025-11-12 04:13:04,080 - Caelestia - [32mINFO[0m - [CLOSE] 19, caelestia-panels, Caelestia, Unhide bar, 2500
2025-11-12 04:13:13,342 - Caelestia - [32mINFO[0m - [SENT] 1, 0, caelestia-panels, Caelestia, Hide bar, 2500
2025-11-12 04:13:14,132 - Caelestia - [32mINFO[0m - [SENT] 1, 1, caelestia-panels, Caelestia, Unhide bar, 2500
2025-11-12 04:13:14,801 - Caelestia - [32mINFO[0m - [SENT] 1, 1, caelestia-panels, Caelestia, Hide bar, 2500
2025-11-12 04:13:15,721 - Caelestia - [32mINFO[0m - [SENT] 1, 1, caelestia-panels, Caelestia, Unhide bar, 2500
2025-11-12 04:13:16,360 - Caelestia - [32mINFO[0m - [SENT] 1, 1, caelestia-panels, Caelestia, Hide bar, 2500
2025-11-12 04:13:17,059 - Caelestia - [32mINFO[0m - [SENT] 1, 1, caelestia-panels, Caelestia, Unhide bar, 2500
2025-11-12 04:13:19,891 - Caelestia - [32mINFO[0m - [CLOSE] 1, caelestia-panels, Caelestia, Unhide bar, 2500
2025-11-12 04:13:42,824 - Caelestia - [32mINFO[0m - Notification blocked for group: language
2025-11-12 04:13:44,605 - Caelestia - [32mINFO[0m - Notification blocked for group: language
2025-11-12 04:17:49,459 - Caelestia - [32mINFO[0m - Notification blocked for group: language
2025-11-12 04:17:51,549 - Caelestia - [32mINFO[0m - Notification blocked for group: language
2025-11-12 04:18:48,996 - Caelestia - [32mINFO[0m - Notification blocked for group: language
2025-11-12 04:18:54,291 - Caelestia - [32mINFO[0m - Notification blocked for group: language
2025-11-12 04:19:00,883 - Caelestia - [32mINFO[0m - Notification blocked for group: language
2025-11-12 04:19:02,645 - Caelestia - [32mINFO[0m - Notification blocked for group: language
2025-11-12 04:19:07,904 - Caelestia - [32mINFO[0m - Notification blocked for group: language
2025-11-12 04:19:09,506 - Caelestia - [32mINFO[0m - Notification blocked for group: language
2025-11-12 04:19:23,485 - Caelestia - [32mINFO[0m - Notification blocked for group: language
2025-11-12 04:19:25,181 - Caelestia - [32mINFO[0m - Notification blocked for group: language
2025-11-12 04:20:48,011 - Caelestia - [32mINFO[0m - Notification blocked for group: language
2025-11-12 04:21:17,819 - Caelestia - [32mINFO[0m - Notification blocked for group: language
2025-11-12 04:21:47,578 - Caelestia - [32mINFO[0m - Notification blocked for group: language
2025-11-12 04:21:53,717 - Caelestia - [32mINFO[0m - Notification blocked for group: language
2025-11-12 04:22:40,057 - Caelestia - [32mINFO[0m - Notification blocked for group: language
2025-11-12 04:23:19,844 - Caelestia - [32mINFO[0m - Notification blocked for group: language
2025-11-12 04:28:27,959 - Caelestia - [32mINFO[0m - Notification blocked for group: language
2025-11-12 04:28:38,811 - Caelestia - [32mINFO[0m - Notification blocked for group: language
2025-11-12 04:28:57,089 - Caelestia - [32mINFO[0m - Notification blocked for group: language
2025-11-12 04:55:13,885 - Caelestia - [32mINFO[0m - Notification blocked for group: language
2025-11-12 04:58:34,713 - Caelestia - [32mINFO[0m - Notification blocked for group: language
2025-11-12 04:59:32,373 - Caelestia - [32mINFO[0m - Notification blocked for group: language
2025-11-12 05:08:59,831 - Caelestia - [32mINFO[0m - Notification blocked for group: language
2025-11-12 05:09:05,324 - Caelestia - [32mINFO[0m - Notification blocked for group: language
2025-11-12 05:09:11,155 - Caelestia - [32mINFO[0m - Notification blocked for group: language
2025-11-12 05:39:37,076 - Caelestia - [32mINFO[0m - Notification blocked for group: language
2025-11-12 05:40:04,913 - Caelestia - [32mINFO[0m - Notification blocked for group: language
2025-11-12 05:40:31,195 - Caelestia - [32mINFO[0m - Notification blocked for group: language
2025-11-12 05:40:49,425 - Caelestia - [32mINFO[0m - Notification blocked for group: language
2025-11-12 05:41:10,198 - Caelestia - [32mINFO[0m - Notification blocked for group: language
2025-11-12 05:41:19,673 - Caelestia - [32mINFO[0m - Notification blocked for group: language
2025-11-12 05:41:26,597 - Caelestia - [32mINFO[0m - Notification blocked for group: language
2025-11-12 05:41:59,697 - Caelestia - [32mINFO[0m - Notification blocked for group: language
2025-11-12 05:42:22,717 - Caelestia - [32mINFO[0m - Notification blocked for group: language
2025-11-12 05:43:19,173 - Caelestia - [32mINFO[0m - Notification blocked for group: language
2025-11-12 05:44:12,870 - Caelestia - [32mINFO[0m - Notification blocked for group: language
2025-11-12 05:44:46,973 - Caelestia - [32mINFO[0m - Notification blocked for group: language
2025-11-12 05:45:00,951 - Caelestia - [32mINFO[0m - Notification blocked for group: language
2025-11-12 05:47:02,748 - Caelestia - [32mINFO[0m - Notification blocked for group: language
2025-11-12 05:47:16,548 - Caelestia - [32mINFO[0m - Notification blocked for group: language
2025-11-12 05:47:17,801 - Caelestia - [32mINFO[0m - Notification blocked for group: language
2025-11-12 05:51:10,374 - Caelestia - [32mINFO[0m - Notification blocked for group: language
2025-11-12 05:53:22,838 - Caelestia - [32mINFO[0m - Notification blocked for group: language
2025-11-12 05:53:25,607 - Caelestia - [32mINFO[0m - Notification blocked for group: language
2025-11-12 05:53:35,059 - Caelestia - [32mINFO[0m - Notification blocked for group: language
2025-11-12 05:53:39,422 - Caelestia - [32mINFO[0m - Notification blocked for group: language
2025-11-12 05:54:26,257 - Caelestia - [32mINFO[0m - Notification blocked for group: language
2025-11-12 05:54:34,249 - Caelestia - [32mINFO[0m - Notification blocked for group: language
2025-11-12 05:54:42,293 - Caelestia - [32mINFO[0m - Notification blocked for group: language
2025-11-12 05:55:15,452 - Caelestia - [32mINFO[0m - Notification blocked for group: language
2025-11-12 05:55:34,458 - Caelestia - [32mINFO[0m - Notification blocked for group: language
2025-11-12 05:55:38,612 - Caelestia - [32mINFO[0m - Notification blocked for group: language
2025-11-12 05:55:39,299 - Caelestia - [32mINFO[0m - Notification blocked for group: language
2025-11-12 05:55:41,548 - Caelestia - [32mINFO[0m - Notification blocked for group: language
2025-11-12 05:56:52,452 - Caelestia - [32mINFO[0m - Notification blocked for group: language
2025-11-12 05:57:32,588 - Caelestia - [32mINFO[0m - Notification blocked for group: language
2025-11-12 06:00:35,165 - Caelestia - [32mINFO[0m - Notification blocked for group: language
2025-11-12 06:01:30,974 - Caelestia - [32mINFO[0m - Notification blocked for group: language
2025-11-12 06:02:29,276 - Caelestia - [32mINFO[0m - Notification blocked for group: language
2025-11-12 06:02:55,151 - Caelestia - [32mINFO[0m - Notification blocked for group: language
2025-11-12 06:04:33,608 - Caelestia - [32mINFO[0m - Notification blocked for group: language
2025-11-12 06:04:42,494 - Caelestia - [32mINFO[0m - Notification blocked for group: language
2025-11-12 06:04:58,691 - Caelestia - [32mINFO[0m - Notification blocked for group: language
2025-11-12 06:05:02,666 - Caelestia - [32mINFO[0m - Notification blocked for group: language
2025-11-12 06:07:31,639 - Caelestia - [32mINFO[0m - [SENT] 4, 0, caelestia-panels, Caelestia, Hide bar, 2500
2025-11-12 06:07:33,233 - Caelestia - [32mINFO[0m - [SENT] 4, 4, caelestia-panels, Caelestia, Unhide bar, 2500
2025-11-12 06:07:35,995 - Caelestia - [32mINFO[0m - [CLOSE] 4, caelestia-panels, Caelestia, Unhide bar, 2500
2025-11-12 06:07:49,474 - Caelestia - [32mINFO[0m - [SENT] 5, 0, caelestia-panels, Caelestia, Hide bar, 2500
2025-11-12 06:07:50,549 - Caelestia - [32mINFO[0m - [SENT] 5, 5, caelestia-panels, Caelestia, Unhide bar, 2500
2025-11-12 06:07:53,291 - Caelestia - [32mINFO[0m - [CLOSE] 5, caelestia-panels, Caelestia, Unhide bar, 2500
2025-11-12 06:08:03,644 - Caelestia - [32mINFO[0m - Notification blocked for group: language
2025-11-12 06:08:11,076 - Caelestia - [32mINFO[0m - Notification blocked for group: language
2025-11-12 06:14:07,437 - Caelestia - [32mINFO[0m - Notification blocked for group: language
2025-11-12 06:14:16,882 - Caelestia - [32mINFO[0m - Notification blocked for group: language
2025-11-12 06:14:22,498 - Caelestia - [32mINFO[0m - Notification blocked for group: language
2025-11-12 06:14:24,249 - Caelestia - [32mINFO[0m - Notification blocked for group: language
2025-11-12 06:23:46,604 - Caelestia - [32mINFO[0m - Notification blocked for group: language
2025-11-12 06:24:56,423 - Caelestia - [32mINFO[0m - Notification blocked for group: language
2025-11-12 06:34:21,345 - Caelestia - [32mINFO[0m - Notification blocked for group: language
2025-11-12 06:34:28,945 - Caelestia - [32mINFO[0m - Notification blocked for group: language
2025-11-12 06:34:56,014 - Caelestia - [32mINFO[0m - Notification blocked for group: language
2025-11-12 06:35:20,462 - Caelestia - [32mINFO[0m - Notification blocked for group: language
2025-11-12 16:05:05,171 - Caelestia - [32mINFO[0m - Notification blocked for group: language
2025-11-12 16:24:02,108 - Caelestia - [32mINFO[0m - Notification blocked for group: language
2025-11-12 16:25:40,096 - Caelestia - [32mINFO[0m - Notification blocked for group: language
2025-11-12 16:25:50,707 - Caelestia - [32mINFO[0m - Notification blocked for group: language
2025-11-12 16:30:15,806 - Caelestia - [32mINFO[0m - Notification blocked for group: language
2025-11-12 16:30:44,306 - Caelestia - [32mINFO[0m - Notification blocked for group: language
2025-11-12 16:51:50,667 - Caelestia - [32mINFO[0m - Notification blocked for group: language
2025-11-12 16:51:55,967 - Caelestia - [32mINFO[0m - Notification blocked for group: language
2025-11-12 16:53:12,272 - Caelestia - [32mINFO[0m - Notification blocked for group: language
2025-11-12 16:53:20,576 - Caelestia - [32mINFO[0m - Notification blocked for group: language
2025-11-12 16:54:02,489 - Caelestia - [32mINFO[0m - Notification blocked for group: language
2025-11-12 16:54:07,076 - Caelestia - [32mINFO[0m - Notification blocked for group: language
2025-11-12 16:54:36,635 - Caelestia - [32mINFO[0m - Notification blocked for group: language
2025-11-12 16:54:53,383 - Caelestia - [32mINFO[0m - Notification blocked for group: language
2025-11-12 16:55:42,823 - Caelestia - [32mINFO[0m - [SENT] 16, 0, bluetooth, Bluetooth, Disabled, 2500
2025-11-12 16:55:45,791 - Caelestia - [32mINFO[0m - [CLOSE] 16, bluetooth, Bluetooth, Disabled, 2500
2025-11-12 16:55:47,004 - Caelestia - [32mINFO[0m - [SENT] 17, 0, bluetooth, Bluetooth, Enabled, 2500
2025-11-12 16:55:49,861 - Caelestia - [32mINFO[0m - [CLOSE] 17, bluetooth, Bluetooth, Enabled, 2500
2025-11-12 16:56:02,959 - Caelestia - [32mINFO[0m - [SENT] 18, 0, bluetooth, Bluetooth, Disabled, 2500
2025-11-12 16:56:05,788 - Caelestia - [32mINFO[0m - [SENT] 19, 0, bluetooth, Bluetooth, Enabled, 2500
2025-11-12 16:56:08,662 - Caelestia - [32mINFO[0m - [CLOSE] 19, bluetooth, Bluetooth, Enabled, 2500
2025-11-12 16:56:37,436 - Caelestia - [32mINFO[0m - [SENT] 20, 0, wifi, Wi-Fi, Disabled, 2500
2025-11-12 16:56:40,316 - Caelestia - [32mINFO[0m - [CLOSE] 20, wifi, Wi-Fi, Disabled, 2500
2025-11-12 16:56:41,998 - Caelestia - [32mINFO[0m - [SENT] 21, 0, wifi, Wi-Fi, Enabled, 2500
2025-11-12 16:56:44,908 - Caelestia - [32mINFO[0m - [CLOSE] 21, wifi, Wi-Fi, Enabled, 2500
2025-11-12 16:56:52,413 - Caelestia - [32mINFO[0m - [SENT] 22, 0, wifi, Wi-Fi, Disabled, 2500
2025-11-12 16:56:54,902 - Caelestia - [32mINFO[0m - [SENT] 22, 22, wifi, Wi-Fi, Enabled, 2500
2025-11-12 16:56:57,823 - Caelestia - [32mINFO[0m - [CLOSE] 22, wifi, Wi-Fi, Enabled, 2500
2025-11-12 16:57:16,035 - Caelestia - [32mINFO[0m - [SENT] 23, 0, keyboard, Keyboard, Enabled, 2500
2025-11-12 16:57:18,930 - Caelestia - [32mINFO[0m - [CLOSE] 23, keyboard, Keyboard, Enabled, 2500
2025-11-12 16:57:38,235 - Caelestia - [32mINFO[0m - [SENT] 24, 0, keyboard, Keyboard, Backlight 100%, 2500
2025-11-12 16:57:40,576 - Caelestia - [32mINFO[0m - [SENT] 24, 24, keyboard, Keyboard, Backlight 100%, 2500
2025-11-12 16:57:43,467 - Caelestia - [32mINFO[0m - [CLOSE] 24, keyboard, Keyboard, Backlight 100%, 2500
2025-11-12 16:57:54,553 - Caelestia - [32mINFO[0m - [SENT] 25, 0, keyboard, Keyboard, Backlight 50%, 2500
2025-11-12 16:57:56,389 - Caelestia - [32mINFO[0m - [SENT] 25, 25, keyboard, Keyboard, Backlight 0%, 2500
2025-11-12 16:57:59,290 - Caelestia - [32mINFO[0m - [CLOSE] 25, keyboard, Keyboard, Backlight 0%, 2500
2025-11-12 16:58:01,082 - Caelestia - [32mINFO[0m - [SENT] 26, 0, keyboard, Keyboard, Backlight 50%, 2500
2025-11-12 16:58:03,986 - Caelestia - [32mINFO[0m - [CLOSE] 26, keyboard, Keyboard, Backlight 50%, 2500
2025-11-12 16:58:23,120 - Caelestia - [32mINFO[0m - [SENT] 27, 0, mouse, Mouse, Disabled, 2500
2025-11-12 16:58:26,027 - Caelestia - [32mINFO[0m - [CLOSE] 27, mouse, Mouse, Disabled, 2500
2025-11-12 16:58:26,800 - Caelestia - [32mINFO[0m - [SENT] 28, 0, mouse, Mouse, Enabled, 2500
2025-11-12 16:58:29,708 - Caelestia - [32mINFO[0m - [CLOSE] 28, mouse, Mouse, Enabled, 2500
2025-11-12 16:58:30,200 - Caelestia - [32mINFO[0m - [SENT] 29, 0, mouse, Mouse, Disabled, 2500
2025-11-12 16:58:31,692 - Caelestia - [32mINFO[0m - [SENT] 29, 29, mouse, Mouse, Enabled, 2500
2025-11-12 16:58:34,604 - Caelestia - [32mINFO[0m - [CLOSE] 29, mouse, Mouse, Enabled, 2500
2025-11-12 16:58:56,712 - Caelestia - [32mINFO[0m - [SENT] 30, 0, touchpad, Touchpad, Disabled, 2500
2025-11-12 16:58:59,620 - Caelestia - [32mINFO[0m - [CLOSE] 30, touchpad, Touchpad, Disabled, 2500
2025-11-12 16:59:00,943 - Caelestia - [32mINFO[0m - [SENT] 31, 0, touchpad, Touchpad, Enabled, 2500
2025-11-12 16:59:03,832 - Caelestia - [32mINFO[0m - [CLOSE] 31, touchpad, Touchpad, Enabled, 2500
2025-11-12 16:59:06,071 - Caelestia - [32mINFO[0m - [SENT] 32, 0, touchpad, Touchpad, Disabled, 2500
2025-11-12 16:59:08,213 - Caelestia - [32mINFO[0m - [SENT] 32, 32, touchpad, Touchpad, Enabled, 2500
2025-11-12 16:59:11,100 - Caelestia - [32mINFO[0m - [CLOSE] 32, touchpad, Touchpad, Enabled, 2500
2025-11-12 16:59:29,920 - Caelestia - [32mINFO[0m - [SENT] 33, 0, touchscreen, Touchscreen, Disabled, 2500
2025-11-12 16:59:32,824 - Caelestia - [32mINFO[0m - [CLOSE] 33, touchscreen, Touchscreen, Disabled, 2500
2025-11-12 16:59:34,800 - Caelestia - [32mINFO[0m - [SENT] 34, 0, touchscreen, Touchscreen, Enabled, 2500
2025-11-12 16:59:37,694 - Caelestia - [32mINFO[0m - [CLOSE] 34, touchscreen, Touchscreen, Enabled, 2500
2025-11-12 16:59:40,205 - Caelestia - [32mINFO[0m - [SENT] 35, 0, touchscreen, Touchscreen, Disabled, 2500
2025-11-12 16:59:43,082 - Caelestia - [32mINFO[0m - [CLOSE] 35, touchscreen, Touchscreen, Disabled, 2500
2025-11-12 16:59:43,168 - Caelestia - [32mINFO[0m - [SENT] 36, 0, touchscreen, Touchscreen, Enabled, 2500
2025-11-12 16:59:46,057 - Caelestia - [32mINFO[0m - [CLOSE] 36, touchscreen, Touchscreen, Enabled, 2500
2025-11-12 17:00:19,018 - Caelestia - [32mINFO[0m - [SENT] 37, 0, peripherals, Peripherals, All enabled, 2500
2025-11-12 17:00:21,922 - Caelestia - [32mINFO[0m - [CLOSE] 37, peripherals, Peripherals, All enabled, 2500
2025-11-12 17:00:25,728 - Caelestia - [32mINFO[0m - [SENT] 38, 0, peripherals, Peripherals, Press again within 10 seconds to cancel, 2500
2025-11-12 17:00:28,617 - Caelestia - [32mINFO[0m - [CLOSE] 38, peripherals, Peripherals, Press again within 10 seconds to cancel, 2500
2025-11-12 17:00:36,461 - Caelestia - [32mINFO[0m - [SENT] 39, 0, peripherals, Peripherals, Devices blocked for 150 seconds, 150000
2025-11-12 17:03:06,956 - Caelestia - [32mINFO[0m - [CLOSE] 39, peripherals, Peripherals, Devices blocked for 150 seconds, 150000
2025-11-12 17:03:07,029 - Caelestia - [32mINFO[0m - [SENT] 40, 0, peripherals, Peripherals, Devices unblocked, 2500
2025-11-12 17:03:09,926 - Caelestia - [32mINFO[0m - [CLOSE] 40, peripherals, Peripherals, Devices unblocked, 2500
2025-11-12 17:05:57,576 - Caelestia - [32mINFO[0m - [SENT] 41, 0, airplane, Airplane, Enabled, 2500
2025-11-12 17:06:00,472 - Caelestia - [32mINFO[0m - [CLOSE] 41, airplane, Airplane, Enabled, 2500
2025-11-12 17:06:01,846 - Caelestia - [32mINFO[0m - [SENT] 42, 0, airplane, Airplane, Disabled, 2500
2025-11-12 17:06:04,749 - Caelestia - [32mINFO[0m - [CLOSE] 42, airplane, Airplane, Disabled, 2500
2025-11-12 17:06:05,468 - Caelestia - [32mINFO[0m - [SENT] 43, 0, airplane, Airplane, Disabled, 2500
2025-11-12 17:06:07,409 - Caelestia - [32mINFO[0m - [SENT] 43, 43, airplane, Airplane, Disabled, 2500
2025-11-12 17:06:10,310 - Caelestia - [32mINFO[0m - [CLOSE] 43, airplane, Airplane, Disabled, 2500
2025-11-12 17:06:11,468 - Caelestia - [32mINFO[0m - [SENT] 44, 0, airplane, Airplane, Disabled, 2500
2025-11-12 17:06:14,326 - Caelestia - [32mINFO[0m - [CLOSE] 44, airplane, Airplane, Disabled, 2500
2025-11-12 17:06:14,602 - Caelestia - [32mINFO[0m - [SENT] 45, 0, airplane, Airplane, Disabled, 2500
2025-11-12 17:06:17,065 - Caelestia - [32mINFO[0m - [SENT] 45, 45, airplane, Airplane, Disabled, 2500
2025-11-12 17:06:19,956 - Caelestia - [32mINFO[0m - [CLOSE] 45, airplane, Airplane, Disabled, 2500
2025-11-12 17:07:06,845 - Caelestia - [32mINFO[0m - [SENT] 46, 0, airplane, Airplane, Disabled, 2500
2025-11-12 17:07:09,733 - Caelestia - [32mINFO[0m - [CLOSE] 46, airplane, Airplane, Disabled, 2500
2025-11-12 17:07:41,113 - Caelestia - [32mINFO[0m - [SENT] 47, 0, airplane, Airplane, Disabled, 2500
2025-11-12 17:07:43,008 - Caelestia - [32mINFO[0m - [SENT] 47, 47, airplane, Airplane, Disabled, 2500
2025-11-12 17:07:45,900 - Caelestia - [32mINFO[0m - [CLOSE] 47, airplane, Airplane, Disabled, 2500
2025-11-12 17:08:37,846 - Caelestia - [32mINFO[0m - [SENT] 48, 0, airplane, Airplane, Enabled, 2500
2025-11-12 17:08:40,288 - Caelestia - [32mINFO[0m - [SENT] 48, 48, airplane, Airplane, Disabled, 2500
2025-11-12 17:08:43,198 - Caelestia - [32mINFO[0m - [CLOSE] 48, airplane, Airplane, Disabled, 2500
2025-11-12 17:13:05,327 - Caelestia - [32mINFO[0m - [SENT] 50, 0, screenshot, Screenshot, Take screen screenshot, 2500
2025-11-12 17:13:05,724 - Caelestia - [32mINFO[0m - [SENT] 50, 50, screenshot, Screenshot, Name is 2025-11-12_17-13-02.png, 2500
2025-11-12 17:13:08,603 - Caelestia - [32mINFO[0m - [CLOSE] 50, screenshot, Screenshot, Name is 2025-11-12_17-13-02.png, 2500
2025-11-12 17:13:49,082 - Caelestia - [32mINFO[0m - [SENT] 51, 0, screenshot, Screenshot, Take screen screenshot, 2500
2025-11-12 17:13:49,484 - Caelestia - [32mINFO[0m - [SENT] 51, 51, screenshot, Screenshot, Name is 2025-11-12_17-13-46.png, 2500
2025-11-12 17:13:52,370 - Caelestia - [32mINFO[0m - [CLOSE] 51, screenshot, Screenshot, Name is 2025-11-12_17-13-46.png, 2500
2025-11-12 17:23:23,876 - Caelestia - [32mINFO[0m - Notification blocked for group: language
2025-11-12 17:23:31,372 - Caelestia - [32mINFO[0m - Notification blocked for group: language
2025-11-12 18:05:17,801 - Caelestia - [32mINFO[0m - Notification blocked for group: language
2025-11-12 18:06:10,033 - Caelestia - [32mINFO[0m - Notification blocked for group: language
2025-11-12 18:07:57,408 - Caelestia - [32mINFO[0m - OSD server started at /home/kkleytt/.cache/caelestia/osd.fifo
2025-11-12 18:07:57,408 - Caelestia - [32mINFO[0m - Consumer started, waiting for messages...
2025-11-12 18:17:32,096 - Caelestia - [32mINFO[0m - Notification blocked for group: language
2025-11-12 18:18:07,009 - Caelestia - [32mINFO[0m - Notification blocked for group: language
2025-11-12 18:19:23,149 - Caelestia - [32mINFO[0m - Notification blocked for group: language
2025-11-12 18:19:24,472 - Caelestia - [32mINFO[0m - Notification blocked for group: language
2025-11-12 18:23:10,741 - Caelestia - [32mINFO[0m - [SENT] 2, 0, caelestia-panels, Caelestia, Hide bar, 2500
2025-11-12 18:23:11,819 - Caelestia - [32mINFO[0m - [SENT] 2, 2, caelestia-panels, Caelestia, Unhide bar, 2500
2025-11-12 18:24:33,469 - Caelestia - [32mINFO[0m - [SENT] 1, 0, caelestia-panels, Caelestia, Hide bar, 2500
2025-11-12 18:24:34,369 - Caelestia - [32mINFO[0m - [SENT] 1, 1, caelestia-panels, Caelestia, Unhide bar, 2500
2025-11-12 18:24:37,260 - Caelestia - [32mINFO[0m - [CLOSE] 1, caelestia-panels, Caelestia, Unhide bar, 2500
2025-11-12 18:47:33,053 - Caelestia - [32mINFO[0m - [SENT] 2, 0, hyprland, Hyprland, The device will be locked after 1 minute., 2500
2025-11-12 18:47:35,906 - Caelestia - [32mINFO[0m - [CLOSE] 2, hyprland, Hyprland, The device will be locked after 1 minute., 2500
2025-11-12 19:36:07,653 - Caelestia - [32mINFO[0m - [SENT] 3, 0, hyprland, Hyprland, The device was unlocked, 2500
2025-11-12 19:36:10,342 - Caelestia - [32mINFO[0m - [CLOSE] 3, hyprland, Hyprland, The device was unlocked, 2500
2025-11-12 19:55:00,231 - Caelestia - [32mINFO[0m - Notification blocked for group: language
2025-11-12 19:55:07,663 - Caelestia - [32mINFO[0m - Notification blocked for group: language
2025-11-12 19:57:33,989 - Caelestia - [32mINFO[0m - [SENT] 4, 0, peripherals, Peripherals, Press again within 5 seconds to cancel, 2500
2025-11-12 19:57:36,777 - Caelestia - [32mINFO[0m - [CLOSE] 4, peripherals, Peripherals, Press again within 5 seconds to cancel, 2500
2025-11-12 19:57:39,520 - Caelestia - [32mINFO[0m - [SENT] 5, 0, peripherals, Peripherals, Devices blocked for 10 seconds, 10000
2025-11-12 19:57:49,751 - Caelestia - [32mINFO[0m - [CLOSE] 5, peripherals, Peripherals, Devices blocked for 10 seconds, 10000
2025-11-12 19:57:49,972 - Caelestia - [32mINFO[0m - [SENT] 6, 0, peripherals, Peripherals, Devices unblocked, 2500
2025-11-12 19:57:52,747 - Caelestia - [32mINFO[0m - [CLOSE] 6, peripherals, Peripherals, Devices unblocked, 2500
2025-11-12 19:58:09,596 - Caelestia - [32mINFO[0m - [SENT] 7, 0, peripherals, Peripherals, Press again within 5 seconds to cancel, 2500
2025-11-12 19:58:12,414 - Caelestia - [32mINFO[0m - [CLOSE] 7, peripherals, Peripherals, Press again within 5 seconds to cancel, 2500
2025-11-12 19:58:15,226 - Caelestia - [32mINFO[0m - [SENT] 8, 0, peripherals, Peripherals, Devices blocked for 10 seconds, 10000
2025-11-12 19:58:25,497 - Caelestia - [32mINFO[0m - [CLOSE] 8, peripherals, Peripherals, Devices blocked for 10 seconds, 10000
2025-11-12 19:58:25,791 - Caelestia - [32mINFO[0m - [SENT] 9, 0, peripherals, Peripherals, Devices unblocked, 2500
2025-11-12 19:58:28,629 - Caelestia - [32mINFO[0m - [CLOSE] 9, peripherals, Peripherals, Devices unblocked, 2500
2025-11-12 19:59:14,796 - Caelestia - [32mINFO[0m - [SENT] 10, 0, screenshot, Screenshot, Take screen screenshot, 2500
2025-11-12 19:59:15,067 - Caelestia - [32mINFO[0m - [SENT] 10, 10, screenshot, Screenshot, Name is 2025-11-12_19-59-13.png, 2500
2025-11-12 19:59:17,821 - Caelestia - [32mINFO[0m - [CLOSE] 10, screenshot, Screenshot, Name is 2025-11-12_19-59-13.png, 2500
2025-11-12 21:37:10,746 - Caelestia - [32mINFO[0m - Notification blocked for group: language
2025-11-12 21:37:17,726 - Caelestia - [32mINFO[0m - Notification blocked for group: language
2025-11-12 21:37:22,992 - Caelestia - [32mINFO[0m - Notification blocked for group: language
2025-11-12 21:43:48,748 - Caelestia - [32mINFO[0m - Notification blocked for group: language
2025-11-12 21:56:27,499 - Caelestia - [32mINFO[0m - [SENT] 11, 0, screenshot, Screenshot, Take screen screenshot, 2500
2025-11-12 21:56:27,965 - Caelestia - [32mINFO[0m - [SENT] 11, 11, screenshot, Screenshot, Name is true, 2500
2025-11-12 21:56:30,784 - Caelestia - [32mINFO[0m - [CLOSE] 11, screenshot, Screenshot, Name is true, 2500
2025-11-12 22:30:44,977 - Caelestia - [32mINFO[0m - Notification blocked for group: language
2025-11-12 22:30:46,971 - Caelestia - [32mINFO[0m - [SENT] 12, 0, screenshot, Screenshot, Take window screenshot, 2500
2025-11-12 22:30:47,258 - Caelestia - [32mINFO[0m - [SENT] 12, 12, screenshot, Screenshot, Name is 2025-11-12_22-30-46.png, 2500
2025-11-12 22:30:50,098 - Caelestia - [32mINFO[0m - [CLOSE] 12, screenshot, Screenshot, Name is 2025-11-12_22-30-46.png, 2500
2025-11-12 22:30:56,329 - Caelestia - [32mINFO[0m - Notification blocked for group: language
2025-11-12 22:31:01,806 - Caelestia - [32mINFO[0m - Notification blocked for group: language
2025-11-12 22:31:07,704 - Caelestia - [32mINFO[0m - Notification blocked for group: language
2025-11-12 22:35:47,823 - Caelestia - [32mINFO[0m - Notification blocked for group: language
2025-11-12 22:36:04,945 - Caelestia - [32mINFO[0m - Notification blocked for group: language
2025-11-12 22:36:32,564 - Caelestia - [32mINFO[0m - Notification blocked for group: language
2025-11-12 22:37:17,121 - Caelestia - [32mINFO[0m - Notification blocked for group: language
2025-11-12 22:45:57,301 - Caelestia - [32mINFO[0m - Notification blocked for group: language
2025-11-12 22:45:59,962 - Caelestia - [32mINFO[0m - Notification blocked for group: language
2025-11-12 22:46:01,238 - Caelestia - [32mINFO[0m - Notification blocked for group: language
2025-11-12 22:46:57,741 - Caelestia - [32mINFO[0m - Notification blocked for group: language
2025-11-12 22:46:58,761 - Caelestia - [32mINFO[0m - Notification blocked for group: language
2025-11-12 22:48:10,789 - Caelestia - [32mINFO[0m - Notification blocked for group: language
2025-11-12 22:48:12,364 - Caelestia - [32mINFO[0m - Notification blocked for group: language
2025-11-12 22:50:19,868 - Caelestia - [32mINFO[0m - Notification blocked for group: language
2025-11-12 22:50:22,307 - Caelestia - [32mINFO[0m - Notification blocked for group: language
2025-11-12 22:50:26,783 - Caelestia - [32mINFO[0m - Notification blocked for group: language
2025-11-12 22:50:28,584 - Caelestia - [32mINFO[0m - Notification blocked for group: language
2025-11-12 22:50:52,262 - Caelestia - [32mINFO[0m - Notification blocked for group: language
2025-11-12 22:53:01,771 - Caelestia - [32mINFO[0m - Notification blocked for group: language
2025-11-12 22:53:08,825 - Caelestia - [32mINFO[0m - Notification blocked for group: language
2025-11-12 22:53:09,942 - Caelestia - [32mINFO[0m - Notification blocked for group: language
2025-11-12 22:53:40,754 - Caelestia - [32mINFO[0m - Notification blocked for group: language
2025-11-12 22:53:44,120 - Caelestia - [32mINFO[0m - Notification blocked for group: language
2025-11-12 22:53:47,611 - Caelestia - [32mINFO[0m - Notification blocked for group: language
2025-11-12 22:53:52,626 - Caelestia - [32mINFO[0m - Notification blocked for group: language
2025-11-12 22:53:56,477 - Caelestia - [32mINFO[0m - Notification blocked for group: language
2025-11-12 23:17:58,799 - Caelestia - [32mINFO[0m - Notification blocked for group: language
2025-11-12 23:19:26,377 - Caelestia - [32mINFO[0m - Notification blocked for group: language
2025-11-12 23:19:39,297 - Caelestia - [32mINFO[0m - Notification blocked for group: language
2025-11-12 23:27:56,689 - Caelestia - [32mINFO[0m - Notification blocked for group: language
2025-11-12 23:29:42,340 - Caelestia - [32mINFO[0m - Notification blocked for group: language
2025-11-13 00:12:32,603 - Caelestia - [32mINFO[0m - [SENT] 17, 0, hyprland, Hyprland, The device will be locked after 1 minute., 2500
2025-11-13 00:12:35,502 - Caelestia - [32mINFO[0m - [CLOSE] 17, hyprland, Hyprland, The device will be locked after 1 minute., 2500
2025-11-13 00:43:40,095 - Caelestia - [32mINFO[0m - [SENT] 18, 0, hyprland, Hyprland, The device was unlocked, 2500
2025-11-13 00:43:42,771 - Caelestia - [32mINFO[0m - [CLOSE] 18, hyprland, Hyprland, The device was unlocked, 2500
2025-11-13 00:43:46,614 - Caelestia - [32mINFO[0m - Notification blocked for group: language
2025-11-13 00:53:48,958 - Caelestia - [32mINFO[0m - [SENT] 21, 0, hyprland, Hyprland, The device will be locked after 1 minute., 2500
2025-11-13 00:53:51,705 - Caelestia - [32mINFO[0m - [CLOSE] 21, hyprland, Hyprland, The device will be locked after 1 minute., 2500
2025-11-13 01:00:46,483 - Caelestia - [32mINFO[0m - [SENT] 22, 0, hyprland, Hyprland, The device was unlocked, 2500
2025-11-13 01:00:49,170 - Caelestia - [32mINFO[0m - [CLOSE] 22, hyprland, Hyprland, The device was unlocked, 2500
2025-11-13 01:02:09,961 - Caelestia - [32mINFO[0m - Notification blocked for group: language
2025-11-13 01:02:18,859 - Caelestia - [32mINFO[0m - Notification blocked for group: language
2025-11-13 01:02:39,210 - Caelestia - [32mINFO[0m - Notification blocked for group: language
2025-11-13 01:03:30,900 - Caelestia - [32mINFO[0m - Notification blocked for group: language
2025-11-13 01:03:32,991 - Caelestia - [32mINFO[0m - Notification blocked for group: language
2025-11-13 01:03:35,037 - Caelestia - [32mINFO[0m - Notification blocked for group: language
2025-11-13 01:03:37,130 - Caelestia - [32mINFO[0m - Notification blocked for group: language
2025-11-13 01:04:00,919 - Caelestia - [32mINFO[0m - Notification blocked for group: language
2025-11-13 01:04:04,421 - Caelestia - [32mINFO[0m - Notification blocked for group: language
2025-11-13 01:05:35,436 - Caelestia - [32mINFO[0m - Notification blocked for group: language
2025-11-13 01:05:45,252 - Caelestia - [32mINFO[0m - Notification blocked for group: language
2025-11-13 01:05:46,037 - Caelestia - [32mINFO[0m - Notification blocked for group: language
2025-11-13 01:11:12,789 - Caelestia - [32mINFO[0m - [SENT] 23, 0, screenshot, Screenshot, Take window screenshot, 2500
2025-11-13 01:11:13,109 - Caelestia - [32mINFO[0m - [SENT] 23, 23, screenshot, Screenshot, Name is 2025-11-13_01-11-11.png, 2500
2025-11-13 01:11:15,816 - Caelestia - [32mINFO[0m - [CLOSE] 23, screenshot, Screenshot, Name is 2025-11-13_01-11-11.png, 2500
2025-11-13 01:11:16,145 - Caelestia - [32mINFO[0m - [SENT] 24, 0, screenshot, Screenshot, Take screen screenshot, 2500
2025-11-13 01:11:16,354 - Caelestia - [32mINFO[0m - [SENT] 24, 24, screenshot, Screenshot, Name is true, 2500
2025-11-13 01:11:19,070 - Caelestia - [32mINFO[0m - [CLOSE] 24, screenshot, Screenshot, Name is true, 2500
2025-11-13 01:11:35,033 - Caelestia - [32mINFO[0m - [SENT] 25, 0, screenshot, Screenshot, Take area screenshot, 2500
2025-11-13 01:11:35,427 - Caelestia - [32mINFO[0m - [SENT] 25, 25, screenshot, Screenshot, Name is 2025-11-13_01-11-20.png, 2500
2025-11-13 01:11:38,303 - Caelestia - [32mINFO[0m - [CLOSE] 25, screenshot, Screenshot, Name is 2025-11-13_01-11-20.png, 2500
2025-11-13 01:19:55,065 - Caelestia - [32mINFO[0m - Notification blocked for group: language
2025-11-13 01:26:50,473 - Caelestia - [32mINFO[0m - Notification blocked for group: language
2025-11-13 01:31:44,498 - Caelestia - [32mINFO[0m - [SENT] 26, 0, caelestia-panels, Caelestia, Hide bar, 2500
2025-11-13 01:31:47,237 - Caelestia - [32mINFO[0m - [CLOSE] 26, caelestia-panels, Caelestia, Hide bar, 2500
2025-11-13 01:31:55,257 - Caelestia - [32mINFO[0m - [SENT] 27, 0, caelestia-panels, Caelestia, Unhide bar, 2500
2025-11-13 01:31:58,019 - Caelestia - [32mINFO[0m - [CLOSE] 27, caelestia-panels, Caelestia, Unhide bar, 2500
2025-11-13 02:15:26,176 - Caelestia - [32mINFO[0m - [SENT] 28, 0, hyprland-decoration, Decoration, Change opacity, 2500
2025-11-13 02:15:29,030 - Caelestia - [32mINFO[0m - [CLOSE] 28, hyprland-decoration, Decoration, Change opacity, 2500
2025-11-13 02:16:37,395 - Caelestia - [32mINFO[0m - Notification blocked for group: language
2025-11-13 02:16:41,659 - Caelestia - [32mINFO[0m - Notification blocked for group: language
2025-11-13 02:16:43,833 - Caelestia - [32mINFO[0m - Notification blocked for group: language
2025-11-13 02:16:51,038 - Caelestia - [32mINFO[0m - Notification blocked for group: language
2025-11-13 02:16:52,278 - Caelestia - [32mINFO[0m - Notification blocked for group: language
2025-11-13 02:17:51,672 - Caelestia - [32mINFO[0m - Notification blocked for group: language
2025-11-13 02:29:55,763 - Caelestia - [32mINFO[0m - [SENT] 29, 0, hyprland-decoration, Decoration, Change opacity, 2500
2025-11-13 02:29:58,712 - Caelestia - [32mINFO[0m - [CLOSE] 29, hyprland-decoration, Decoration, Change opacity, 2500
2025-11-13 02:36:21,531 - Caelestia - [32mINFO[0m - OSD server started at /home/kkleytt/.cache/caelestia/osd.fifo
2025-11-13 02:36:21,531 - Caelestia - [32mINFO[0m - Consumer started, waiting for messages...
2025-11-13 02:48:36,724 - Caelestia - [32mINFO[0m - OSD server started at /home/kkleytt/.cache/caelestia/osd.fifo
2025-11-13 02:48:36,725 - Caelestia - [32mINFO[0m - Consumer started, waiting for messages...
2025-11-13 03:10:17,182 - Caelestia - [32mINFO[0m - Notification blocked for group: language
2025-11-13 03:13:30,186 - Caelestia - [32mINFO[0m - Notification blocked for group: language
2025-11-13 03:26:40,599 - Caelestia - [32mINFO[0m - Notification blocked for group: language
2025-11-13 03:26:53,677 - Caelestia - [32mINFO[0m - Notification blocked for group: language
2025-11-13 03:26:56,515 - Caelestia - [32mINFO[0m - Notification blocked for group: language
2025-11-13 03:27:55,802 - Caelestia - [32mINFO[0m - Notification blocked for group: language
2025-11-13 03:28:01,392 - Caelestia - [32mINFO[0m - Notification blocked for group: language
2025-11-13 03:28:10,760 - Caelestia - [32mINFO[0m - Notification blocked for group: language
2025-11-13 03:28:13,135 - Caelestia - [32mINFO[0m - Notification blocked for group: language
2025-11-13 03:28:16,265 - Caelestia - [32mINFO[0m - Notification blocked for group: language
2025-11-13 03:28:19,113 - Caelestia - [32mINFO[0m - Notification blocked for group: language
2025-11-13 03:28:41,241 - Caelestia - [32mINFO[0m - Notification blocked for group: language
2025-11-13 03:28:44,633 - Caelestia - [32mINFO[0m - Notification blocked for group: language
2025-11-13 03:32:23,870 - Caelestia - [32mINFO[0m - Notification blocked for group: language
2025-11-13 03:32:24,756 - Caelestia - [32mINFO[0m - Notification blocked for group: language
2025-11-13 03:32:26,601 - Caelestia - [32mINFO[0m - Notification blocked for group: language
2025-11-13 03:32:28,144 - Caelestia - [32mINFO[0m - Notification blocked for group: language
2025-11-13 03:32:30,536 - Caelestia - [32mINFO[0m - Notification blocked for group: language
2025-11-13 03:32:37,224 - Caelestia - [32mINFO[0m - Notification blocked for group: language
2025-11-13 03:33:07,244 - Caelestia - [32mINFO[0m - Notification blocked for group: language
2025-11-13 03:33:21,312 - Caelestia - [32mINFO[0m - Notification blocked for group: language
2025-11-13 03:35:54,906 - Caelestia - [32mINFO[0m - Notification blocked for group: language
2025-11-13 04:09:38,726 - Caelestia - [32mINFO[0m - OSD server started at /home/kkleytt/.cache/caelestia/osd.fifo
2025-11-13 04:09:38,727 - Caelestia - [32mINFO[0m - Consumer started, waiting for messages...
2025-11-13 04:13:39,946 - Caelestia - [32mINFO[0m - [SENT] 1, 0, caelestia-panels, Caelestia, Hide bar, 2500
2025-11-13 04:13:53,354 - Caelestia - [32mINFO[0m - [SENT] 1, 0, caelestia-panels, Caelestia, Unhide bar, 2500
2025-11-13 04:13:54,777 - Caelestia - [32mINFO[0m - [SENT] 1, 1, caelestia-panels, Caelestia, Hide bar, 2500
2025-11-13 04:13:55,638 - Caelestia - [32mINFO[0m - [SENT] 1, 1, caelestia-panels, Caelestia, Unhide bar, 2500
2025-11-13 04:13:56,486 - Caelestia - [32mINFO[0m - [SENT] 1, 1, caelestia-panels, Caelestia, Hide bar, 2500
2025-11-13 04:13:56,931 - Caelestia - [32mINFO[0m - [SENT] 1, 1, caelestia-panels, Caelestia, Unhide bar, 2500
2025-11-13 04:13:59,826 - Caelestia - [32mINFO[0m - [CLOSE] 1, caelestia-panels, Caelestia, Unhide bar, 2500
2025-11-13 05:24:02,994 - Caelestia - [32mINFO[0m - [SENT] 2, 0, caelestia-panels, Caelestia, Hide bar, 2500
2025-11-13 05:24:04,265 - Caelestia - [32mINFO[0m - [SENT] 2, 2, caelestia-panels, Caelestia, Unhide bar, 2500
2025-11-13 05:24:05,385 - Caelestia - [32mINFO[0m - [SENT] 2, 2, caelestia-panels, Caelestia, Hide bar, 2500
2025-11-13 05:24:06,405 - Caelestia - [32mINFO[0m - [SENT] 2, 2, caelestia-panels, Caelestia, Unhide bar, 2500
2025-11-13 05:24:09,303 - Caelestia - [32mINFO[0m - [CLOSE] 2, caelestia-panels, Caelestia, Unhide bar, 2500
2025-11-13 05:33:53,447 - Caelestia - [32mINFO[0m - [SENT] 3, 0, hyprland-decoration, Decoration, Master layout, 2500
2025-11-13 05:33:56,339 - Caelestia - [32mINFO[0m - [CLOSE] 3, hyprland-decoration, Decoration, Master layout, 2500
2025-11-13 05:49:51,356 - Caelestia - [32mINFO[0m - [SENT] 4, 0, hyprland, Hyprland, The device will be locked after 1 minute., 2500
2025-11-13 05:49:54,179 - Caelestia - [32mINFO[0m - [CLOSE] 4, hyprland, Hyprland, The device will be locked after 1 minute., 2500
2025-11-13 05:50:15,390 - Caelestia - [32mINFO[0m - [SENT] 5, 0, hyprland, Hyprland, The device was unlocked, 2500
2025-11-13 05:50:18,269 - Caelestia - [32mINFO[0m - [CLOSE] 5, hyprland, Hyprland, The device was unlocked, 2500
2025-11-13 06:13:28,479 - Caelestia - [32mINFO[0m - Notification blocked for group: language
2025-11-13 06:13:30,099 - Caelestia - [32mINFO[0m - Notification blocked for group: language
2025-11-13 06:13:31,173 - Caelestia - [32mINFO[0m - Notification blocked for group: language
2025-11-13 06:13:33,536 - Caelestia - [32mINFO[0m - Notification blocked for group: language
2025-11-13 06:13:34,884 - Caelestia - [32mINFO[0m - Notification blocked for group: language
2025-11-13 06:13:35,489 - Caelestia - [32mINFO[0m - Notification blocked for group: language
2025-11-13 06:27:54,288 - Caelestia - [32mINFO[0m - [SENT] 6, 0, caelestia-panels, Caelestia, Moveble bar, 2500
2025-11-13 06:27:57,115 - Caelestia - [32mINFO[0m - [CLOSE] 6, caelestia-panels, Caelestia, Moveble bar, 2500
2025-11-13 06:30:51,525 - Caelestia - [32mINFO[0m - [SENT] 7, 0, caelestia-panels, Caelestia, Moveble bar, 2500
2025-11-13 06:30:54,519 - Caelestia - [32mINFO[0m - [CLOSE] 7, caelestia-panels, Caelestia, Moveble bar, 2500
2025-11-13 06:31:06,644 - Caelestia - [32mINFO[0m - [SENT] 8, 0, caelestia-panels, Caelestia, Moveble bar, 2500
2025-11-13 06:31:09,550 - Caelestia - [32mINFO[0m - [CLOSE] 8, caelestia-panels, Caelestia, Moveble bar, 2500
2025-11-13 06:31:33,263 - Caelestia - [32mINFO[0m - [SENT] 9, 0, caelestia-panels, Caelestia, Moveble bar, 2500
2025-11-13 06:31:35,140 - Caelestia - [32mINFO[0m - [SENT] 9, 9, caelestia-panels, Caelestia, Unmoveble bar, 2500
2025-11-13 06:31:36,486 - Caelestia - [32mINFO[0m - [SENT] 9, 9, caelestia-panels, Caelestia, Moveble bar, 2500
2025-11-13 06:31:39,271 - Caelestia - [32mINFO[0m - [CLOSE] 9, caelestia-panels, Caelestia, Moveble bar, 2500
2025-11-13 06:31:40,499 - Caelestia - [32mINFO[0m - [SENT] 10, 0, caelestia-panels, Caelestia, Unmoveble bar, 2500
2025-11-13 06:31:43,389 - Caelestia - [32mINFO[0m - [CLOSE] 10, caelestia-panels, Caelestia, Unmoveble bar, 2500
2025-11-13 06:31:46,274 - Caelestia - [32mINFO[0m - [SENT] 11, 0, caelestia-panels, Caelestia, Hide bar, 2500
2025-11-13 06:31:47,320 - Caelestia - [32mINFO[0m - [SENT] 11, 11, caelestia-panels, Caelestia, Unhide bar, 2500
2025-11-13 06:31:48,566 - Caelestia - [32mINFO[0m - [SENT] 11, 11, caelestia-panels, Caelestia, Moveble bar, 2500
2025-11-13 06:31:49,426 - Caelestia - [32mINFO[0m - [SENT] 11, 11, caelestia-panels, Caelestia, Unmoveble bar, 2500
2025-11-13 06:31:50,494 - Caelestia - [32mINFO[0m - [SENT] 11, 11, caelestia-panels, Caelestia, Moveble bar, 2500
2025-11-13 06:31:51,472 - Caelestia - [32mINFO[0m - [SENT] 11, 11, caelestia-panels, Caelestia, Unmoveble bar, 2500
2025-11-13 06:31:54,354 - Caelestia - [32mINFO[0m - [CLOSE] 11, caelestia-panels, Caelestia, Unmoveble bar, 2500
2025-11-13 06:32:02,852 - Caelestia - [32mINFO[0m - [SENT] 12, 0, caelestia-panels, Caelestia, Moveble bar, 2500
2025-11-13 06:32:05,584 - Caelestia - [32mINFO[0m - [CLOSE] 12, caelestia-panels, Caelestia, Moveble bar, 2500
2025-11-13 06:41:37,877 - Caelestia - [32mINFO[0m - [SENT] 15, 0, hyprland, Hyprland, The device will be locked after 1 minute., 2500
2025-11-13 06:41:40,666 - Caelestia - [32mINFO[0m - [CLOSE] 15, hyprland, Hyprland, The device will be locked after 1 minute., 2500
2025-11-13 07:41:12,497 - Caelestia - [32mINFO[0m - [SENT] 16, 0, hyprland, Hyprland, The device was unlocked, 2500
2025-11-13 07:41:15,308 - Caelestia - [32mINFO[0m - [CLOSE] 16, hyprland, Hyprland, The device was unlocked, 2500
2025-11-13 08:08:51,608 - Caelestia - [32mINFO[0m - [SENT] 17, 0, screenshot, Screenshot, Take window screenshot, 2500
2025-11-13 08:08:52,038 - Caelestia - [32mINFO[0m - [SENT] 17, 17, screenshot, Screenshot, Name is 2025-11-13_08-08-50.png, 2500
2025-11-13 08:08:54,796 - Caelestia - [32mINFO[0m - [CLOSE] 17, screenshot, Screenshot, Name is 2025-11-13_08-08-50.png, 2500
2025-11-13 08:08:55,981 - Caelestia - [32mINFO[0m - [SENT] 18, 0, screenshot, Screenshot, Take screen screenshot, 2500
2025-11-13 08:08:56,229 - Caelestia - [32mINFO[0m - [SENT] 18, 18, screenshot, Screenshot, Name is 2025-11-13_08-08-54.png, 2500
2025-11-13 08:08:58,981 - Caelestia - [32mINFO[0m - [CLOSE] 18, screenshot, Screenshot, Name is 2025-11-13_08-08-54.png, 2500
2025-11-13 08:08:59,730 - Caelestia - [32mINFO[0m - [SENT] 19, 0, screenshot, Screenshot, Take screen screenshot, 2500
2025-11-13 08:08:59,992 - Caelestia - [32mINFO[0m - [SENT] 19, 19, screenshot, Screenshot, Name is true, 2500
2025-11-13 08:09:02,738 - Caelestia - [32mINFO[0m - [CLOSE] 19, screenshot, Screenshot, Name is true, 2500
2025-11-13 08:09:05,374 - Caelestia - [32mINFO[0m - [SENT] 20, 0, screenshot, Screenshot, Take screen screenshot, 2500
2025-11-13 08:09:05,646 - Caelestia - [32mINFO[0m - [SENT] 20, 20, screenshot, Screenshot, Name is true, 2500
2025-11-13 08:09:08,397 - Caelestia - [32mINFO[0m - [CLOSE] 20, screenshot, Screenshot, Name is true, 2500
2025-11-13 08:12:03,426 - Caelestia - [32mINFO[0m - [SENT] 21, 0, screenshot, Screenshot, Take window screenshot, 2500
2025-11-13 08:12:03,741 - Caelestia - [32mINFO[0m - [SENT] 21, 21, screenshot, Screenshot, Name is 2025-11-13_08-12-02.png, 2500
2025-11-13 08:12:06,485 - Caelestia - [32mINFO[0m - [CLOSE] 21, screenshot, Screenshot, Name is 2025-11-13_08-12-02.png, 2500
2025-11-13 08:12:41,994 - Caelestia - [32mINFO[0m - [SENT] 22, 0, screenshot, Screenshot, Take screen screenshot, 2500
2025-11-13 08:12:42,268 - Caelestia - [32mINFO[0m - [SENT] 22, 22, screenshot, Screenshot, Name is 2025-11-13_08-12-41.png, 2500
2025-11-13 08:12:45,019 - Caelestia - [32mINFO[0m - [CLOSE] 22, screenshot, Screenshot, Name is 2025-11-13_08-12-41.png, 2500
2025-11-13 08:12:49,822 - Caelestia - [32mINFO[0m - [SENT] 23, 0, screenshot, Screenshot, Take screen screenshot, 2500
2025-11-13 08:12:50,079 - Caelestia - [32mINFO[0m - [SENT] 23, 23, screenshot, Screenshot, Name is true, 2500
2025-11-13 08:12:52,816 - Caelestia - [32mINFO[0m - [CLOSE] 23, screenshot, Screenshot, Name is true, 2500
2025-11-13 08:12:58,100 - Caelestia - [32mINFO[0m - [SENT] 24, 0, screenshot, Screenshot, Take window screenshot, 2500
2025-11-13 08:12:58,359 - Caelestia - [32mINFO[0m - [SENT] 24, 24, screenshot, Screenshot, Name is 2025-11-13_08-12-57.png, 2500
2025-11-13 08:13:01,168 - Caelestia - [32mINFO[0m - [CLOSE] 24, screenshot, Screenshot, Name is 2025-11-13_08-12-57.png, 2500
2025-11-13 08:13:07,886 - Caelestia - [32mINFO[0m - [SENT] 25, 0, screenshot, Screenshot, Take screen screenshot, 2500
2025-11-13 08:13:08,144 - Caelestia - [32mINFO[0m - [SENT] 25, 25, screenshot, Screenshot, Name is 2025-11-13_08-13-07.png, 2500
2025-11-13 08:13:10,974 - Caelestia - [32mINFO[0m - [CLOSE] 25, screenshot, Screenshot, Name is 2025-11-13_08-13-07.png, 2500
2025-11-13 08:13:12,550 - Caelestia - [32mINFO[0m - [SENT] 26, 0, screenshot, Screenshot, Take window screenshot, 2500
2025-11-13 08:13:12,815 - Caelestia - [32mINFO[0m - [SENT] 26, 26, screenshot, Screenshot, Name is 2025-11-13_08-13-11.png, 2500
2025-11-13 08:13:15,113 - Caelestia - [32mINFO[0m - [SENT] 26, 26, screenshot, Screenshot, Take screen screenshot, 2500
2025-11-13 08:13:15,384 - Caelestia - [32mINFO[0m - [SENT] 26, 26, screenshot, Screenshot, Name is true, 2500
2025-11-13 08:13:18,219 - Caelestia - [32mINFO[0m - [CLOSE] 26, screenshot, Screenshot, Name is true, 2500
2025-11-13 08:22:20,569 - Caelestia - [32mINFO[0m - [SENT] 27, 0, hyprland, Hyprland, The device will be locked after 1 minute., 2500
2025-11-13 08:22:23,393 - Caelestia - [32mINFO[0m - [CLOSE] 27, hyprland, Hyprland, The device will be locked after 1 minute., 2500
2025-11-13 09:42:37,503 - Caelestia - [32mINFO[0m - [SENT] 28, 0, hyprland, Hyprland, The device was unlocked, 2500
2025-11-13 09:42:40,493 - Caelestia - [32mINFO[0m - [CLOSE] 28, hyprland, Hyprland, The device was unlocked, 2500
2025-11-13 09:43:52,276 - Caelestia - [32mINFO[0m - [SENT] 29, 0, screenshot, Screenshot, Take screen screenshot, 2500
2025-11-13 09:43:52,672 - Caelestia - [32mINFO[0m - [SENT] 29, 29, screenshot, Screenshot, Name is 2025-11-13_09-43-51.png, 2500
2025-11-13 09:43:54,754 - Caelestia - [32mINFO[0m - [SENT] 29, 29, screenshot, Screenshot, Take window screenshot, 2500
2025-11-13 09:43:55,001 - Caelestia - [32mINFO[0m - [SENT] 29, 29, screenshot, Screenshot, Name is 2025-11-13_09-43-54.png, 2500
2025-11-13 09:43:57,299 - Caelestia - [32mINFO[0m - [SENT] 29, 29, screenshot, Screenshot, Take screen screenshot, 2500
2025-11-13 09:43:57,612 - Caelestia - [32mINFO[0m - [SENT] 29, 29, screenshot, Screenshot, Name is true, 2500
2025-11-13 09:44:00,355 - Caelestia - [32mINFO[0m - [CLOSE] 29, screenshot, Screenshot, Name is true, 2500
2025-11-13 09:52:26,286 - Caelestia - [32mINFO[0m - [SENT] 30, 0, screenshot, Screenshot, Take window screenshot, 2500
2025-11-13 09:52:26,790 - Caelestia - [32mINFO[0m - [SENT] 30, 30, screenshot, Screenshot, Name is 2025-11-13_09-52-24-813784698.png, 2500
2025-11-13 09:52:29,582 - Caelestia - [32mINFO[0m - [CLOSE] 30, screenshot, Screenshot, Name is 2025-11-13_09-52-24-813784698.png, 2500
2025-11-13 09:52:31,784 - Caelestia - [32mINFO[0m - [SENT] 31, 0, screenshot, Screenshot, Take screen screenshot, 2500
2025-11-13 09:52:32,090 - Caelestia - [32mINFO[0m - [SENT] 31, 31, screenshot, Screenshot, Name is 2025-11-13_09-52-30-280762196.png, 2500
2025-11-13 09:52:34,134 - Caelestia - [32mINFO[0m - [SENT] 31, 31, screenshot, Screenshot, Take window screenshot, 2500
2025-11-13 09:52:34,418 - Caelestia - [32mINFO[0m - [SENT] 31, 31, screenshot, Screenshot, Name is 2025-11-13_09-52-32-612005965.png, 2500
2025-11-13 09:52:36,404 - Caelestia - [32mINFO[0m - [SENT] 31, 31, screenshot, Screenshot, Take screen screenshot, 2500
2025-11-13 09:52:36,736 - Caelestia - [32mINFO[0m - [SENT] 31, 31, screenshot, Screenshot, Name is 2025-11-13_09-52-34-802771265.png, 2500
2025-11-13 09:52:39,491 - Caelestia - [32mINFO[0m - [CLOSE] 31, screenshot, Screenshot, Name is 2025-11-13_09-52-34-802771265.png, 2500
2025-11-13 09:52:53,847 - Caelestia - [32mINFO[0m - [SENT] 32, 0, screenshot, Screenshot, Take screen screenshot, 2500
2025-11-13 09:52:54,172 - Caelestia - [32mINFO[0m - [SENT] 32, 32, screenshot, Screenshot, Name is 2025-11-13_09-52-52-279138269.png, 2500
2025-11-13 09:52:56,356 - Caelestia - [32mINFO[0m - [SENT] 32, 32, screenshot, Screenshot, Take window screenshot, 2500
2025-11-13 09:52:56,679 - Caelestia - [32mINFO[0m - [SENT] 32, 32, screenshot, Screenshot, Name is 2025-11-13_09-52-54-868797689.png, 2500
2025-11-13 09:52:59,112 - Caelestia - [32mINFO[0m - [SENT] 32, 32, screenshot, Screenshot, Take screen screenshot, 2500
2025-11-13 09:52:59,417 - Caelestia - [32mINFO[0m - [SENT] 32, 32, screenshot, Screenshot, Name is 2025-11-13_09-52-57-657254034.png, 2500
2025-11-13 09:53:02,268 - Caelestia - [32mINFO[0m - [CLOSE] 32, screenshot, Screenshot, Name is 2025-11-13_09-52-57-657254034.png, 2500
2025-11-13 09:53:58,331 - Caelestia - [32mINFO[0m - [SENT] 33, 0, screenshot, Screenshot, Take screen screenshot, 2500
2025-11-13 09:53:59,102 - Caelestia - [32mINFO[0m - [SENT] 33, 33, screenshot, Screenshot, Name is 2025-11-13_09-53-58-325605443.png, 2500
2025-11-13 09:54:01,839 - Caelestia - [32mINFO[0m - [CLOSE] 33, screenshot, Screenshot, Name is 2025-11-13_09-53-58-325605443.png, 2500
2025-11-13 09:57:08,339 - Caelestia - [32mINFO[0m - [SENT] 34, 0, screenshot, Screenshot, Take screen screenshot, 2500
2025-11-13 09:57:09,593 - Caelestia - [32mINFO[0m - [SENT] 34, 34, screenshot, Screenshot, Name is 2025-11-13_09-57-08-335090368.png, 2500
2025-11-13 09:57:12,412 - Caelestia - [32mINFO[0m - [CLOSE] 34, screenshot, Screenshot, Name is 2025-11-13_09-57-08-335090368.png, 2500
2025-11-13 10:00:49,762 - Caelestia - [32mINFO[0m - [SENT] 35, 0, screenshot, Screenshot, Take screen screenshot, 2500
2025-11-13 10:00:50,521 - Caelestia - [32mINFO[0m - [SENT] 35, 35, screenshot, Screenshot, Name is 000000.png, 2500
2025-11-13 10:00:52,618 - Caelestia - [32mINFO[0m - [SENT] 35, 35, screenshot, Screenshot, Take window screenshot, 2500
2025-11-13 10:00:53,248 - Caelestia - [32mINFO[0m - [SENT] 35, 35, screenshot, Screenshot, Name is 000001.png, 2500
2025-11-13 10:00:54,431 - Caelestia - [32mINFO[0m - [SENT] 35, 35, screenshot, Screenshot, Take screen screenshot, 2500
2025-11-13 10:00:55,213 - Caelestia - [32mINFO[0m - [SENT] 35, 35, screenshot, Screenshot, Name is true, 2500
2025-11-13 10:00:56,398 - Caelestia - [32mINFO[0m - [SENT] 35, 35, screenshot, Screenshot, Take screen screenshot, 2500
2025-11-13 10:00:57,123 - Caelestia - [32mINFO[0m - [SENT] 35, 35, screenshot, Screenshot, Name is 000002.png, 2500
2025-11-13 10:00:57,793 - Caelestia - [32mINFO[0m - [SENT] 35, 35, screenshot, Screenshot, Take screen screenshot, 2500
2025-11-13 10:00:58,583 - Caelestia - [32mINFO[0m - [SENT] 35, 35, screenshot, Screenshot, Name is true, 2500
2025-11-13 10:01:01,335 - Caelestia - [32mINFO[0m - [CLOSE] 35, screenshot, Screenshot, Name is true, 2500
2025-11-13 10:01:56,977 - Caelestia - [32mINFO[0m - [SENT] 36, 0, screenshot, Screenshot, Take screen screenshot, 2500
2025-11-13 10:01:57,829 - Caelestia - [32mINFO[0m - [SENT] 36, 36, screenshot, Screenshot, Name is 000003.png, 2500
2025-11-13 10:01:58,132 - Caelestia - [32mINFO[0m - [SENT] 36, 36, screenshot, Screenshot, Take screen screenshot, 2500
2025-11-13 10:01:58,992 - Caelestia - [32mINFO[0m - [SENT] 36, 36, screenshot, Screenshot, Name is 000004.png, 2500
2025-11-13 10:01:59,319 - Caelestia - [32mINFO[0m - [SENT] 36, 36, screenshot, Screenshot, Take screen screenshot, 2500
2025-11-13 10:02:00,301 - Caelestia - [32mINFO[0m - [SENT] 36, 36, screenshot, Screenshot, Name is 000005.png, 2500
2025-11-13 10:02:00,963 - Caelestia - [32mINFO[0m - [SENT] 36, 36, screenshot, Screenshot, Take window screenshot, 2500
2025-11-13 10:02:01,795 - Caelestia - [32mINFO[0m - [SENT] 36, 36, screenshot, Screenshot, Name is 000006.png, 2500
2025-11-13 10:02:02,478 - Caelestia - [32mINFO[0m - [SENT] 36, 36, screenshot, Screenshot, Take window screenshot, 2500
2025-11-13 10:02:03,386 - Caelestia - [32mINFO[0m - [SENT] 36, 36, screenshot, Screenshot, Name is 000007.png, 2500
2025-11-13 10:02:04,080 - Caelestia - [32mINFO[0m - [SENT] 36, 36, screenshot, Screenshot, Take screen screenshot, 2500
2025-11-13 10:02:05,025 - Caelestia - [32mINFO[0m - [SENT] 36, 36, screenshot, Screenshot, Name is true, 2500
2025-11-13 10:02:05,642 - Caelestia - [32mINFO[0m - [SENT] 36, 36, screenshot, Screenshot, Take screen screenshot, 2500
2025-11-13 10:02:06,761 - Caelestia - [32mINFO[0m - [SENT] 36, 36, screenshot, Screenshot, Name is 000008.png, 2500
2025-11-13 10:02:09,606 - Caelestia - [32mINFO[0m - [CLOSE] 36, screenshot, Screenshot, Name is 000008.png, 2500
2025-11-13 10:04:25,732 - Caelestia - [32mINFO[0m - [SENT] 37, 0, screenshot, Screenshot, Take screen screenshot, 2500
2025-11-13 10:04:27,014 - Caelestia - [32mINFO[0m - [SENT] 37, 37, screenshot, Screenshot, Take window screenshot, 2500
2025-11-13 10:04:27,665 - Caelestia - [32mINFO[0m - [SENT] 37, 37, screenshot, Screenshot, Name is 000009.png, 2500
2025-11-13 10:04:28,466 - Caelestia - [32mINFO[0m - [SENT] 37, 37, screenshot, Screenshot, Take screen screenshot, 2500
2025-11-13 10:04:28,750 - Caelestia - [32mINFO[0m - [SENT] 37, 37, screenshot, Screenshot, Name is 000010.png, 2500
2025-11-13 10:04:30,051 - Caelestia - [32mINFO[0m - [SENT] 37, 37, screenshot, Screenshot, Take screen screenshot, 2500
2025-11-13 10:04:30,288 - Caelestia - [32mINFO[0m - [SENT] 37, 37, screenshot, Screenshot, Name is 000011.png, 2500
2025-11-13 10:04:31,826 - Caelestia - [32mINFO[0m - [SENT] 37, 37, screenshot, Screenshot, Take screen screenshot, 2500
2025-11-13 10:04:32,151 - Caelestia - [32mINFO[0m - [SENT] 37, 37, screenshot, Screenshot, Name is 000012.png, 2500
2025-11-13 10:04:33,368 - Caelestia - [32mINFO[0m - [SENT] 37, 37, screenshot, Screenshot, Take screen screenshot, 2500
2025-11-13 10:04:33,717 - Caelestia - [32mINFO[0m - [SENT] 37, 37, screenshot, Screenshot, Name is 000013.png, 2500
2025-11-13 10:04:34,561 - Caelestia - [32mINFO[0m - [SENT] 37, 37, screenshot, Screenshot, Take screen screenshot, 2500
2025-11-13 10:04:35,081 - Caelestia - [32mINFO[0m - [SENT] 37, 37, screenshot, Screenshot, Name is 20251113_100433.png, 2500
2025-11-13 10:04:35,864 - Caelestia - [32mINFO[0m - [SENT] 37, 37, screenshot, Screenshot, Take window screenshot, 2500
2025-11-13 10:04:36,392 - Caelestia - [32mINFO[0m - [SENT] 37, 37, screenshot, Screenshot, Name is 000014.png, 2500
2025-11-13 10:04:37,247 - Caelestia - [32mINFO[0m - [SENT] 37, 37, screenshot, Screenshot, Take screen screenshot, 2500
2025-11-13 10:04:37,531 - Caelestia - [32mINFO[0m - [SENT] 37, 37, screenshot, Screenshot, Name is 000015.png, 2500
2025-11-13 10:04:38,388 - Caelestia - [32mINFO[0m - [SENT] 37, 37, screenshot, Screenshot, Take screen screenshot, 2500
2025-11-13 10:04:39,052 - Caelestia - [32mINFO[0m - [SENT] 37, 37, screenshot, Screenshot, Name is 000016.png, 2500
2025-11-13 10:04:39,769 - Caelestia - [32mINFO[0m - [SENT] 37, 37, screenshot, Screenshot, Take window screenshot, 2500
2025-11-13 10:04:40,344 - Caelestia - [32mINFO[0m - [SENT] 37, 37, screenshot, Screenshot, Name is 20251113_100438.png, 2500
2025-11-13 10:04:40,829 - Caelestia - [32mINFO[0m - [SENT] 37, 37, screenshot, Screenshot, Take window screenshot, 2500
2025-11-13 10:04:41,516 - Caelestia - [32mINFO[0m - [SENT] 37, 37, screenshot, Screenshot, Name is 000017.png, 2500
2025-11-13 10:04:41,817 - Caelestia - [32mINFO[0m - [SENT] 37, 37, screenshot, Screenshot, Take screen screenshot, 2500
2025-11-13 10:04:42,413 - Caelestia - [32mINFO[0m - [SENT] 37, 37, screenshot, Screenshot, Take window screenshot, 2500
2025-11-13 10:04:42,701 - Caelestia - [32mINFO[0m - [SENT] 37, 37, screenshot, Screenshot, Name is 000018.png, 2500
2025-11-13 10:04:43,094 - Caelestia - [32mINFO[0m - [SENT] 37, 37, screenshot, Screenshot, Take screen screenshot, 2500
2025-11-13 10:04:43,561 - Caelestia - [32mINFO[0m - [SENT] 37, 37, screenshot, Screenshot, Name is 20251113_100441.png, 2500
2025-11-13 10:04:43,801 - Caelestia - [32mINFO[0m - [SENT] 37, 37, screenshot, Screenshot, Take window screenshot, 2500
2025-11-13 10:04:44,032 - Caelestia - [32mINFO[0m - [SENT] 37, 37, screenshot, Screenshot, Name is 000019.png, 2500
2025-11-13 10:04:44,499 - Caelestia - [32mINFO[0m - [SENT] 37, 37, screenshot, Screenshot, Take screen screenshot, 2500
2025-11-13 10:04:44,791 - Caelestia - [32mINFO[0m - [SENT] 37, 37, screenshot, Screenshot, Name is 20251113_100443.png, 2500
2025-11-13 10:04:45,481 - Caelestia - [32mINFO[0m - [SENT] 37, 37, screenshot, Screenshot, Name is 000020.png, 2500
2025-11-13 10:04:46,445 - Caelestia - [32mINFO[0m - [SENT] 37, 37, screenshot, Screenshot, Name is 20251113_100444.png, 2500
2025-11-13 10:04:49,189 - Caelestia - [32mINFO[0m - [CLOSE] 37, screenshot, Screenshot, Name is 20251113_100444.png, 2500
2025-11-13 10:05:11,113 - Caelestia - [32mINFO[0m - [SENT] 38, 0, screenshot, Screenshot, Take screen screenshot, 2500
2025-11-13 10:05:11,893 - Caelestia - [32mINFO[0m - [SENT] 38, 38, screenshot, Screenshot, Take window screenshot, 2500
2025-11-13 10:05:12,887 - Caelestia - [32mINFO[0m - [SENT] 38, 38, screenshot, Screenshot, Take window screenshot, 2500
2025-11-13 10:05:13,470 - Caelestia - [32mINFO[0m - [SENT] 38, 38, screenshot, Screenshot, Take screen screenshot, 2500
2025-11-13 10:05:13,870 - Caelestia - [32mINFO[0m - [SENT] 38, 38, screenshot, Screenshot, Take window screenshot, 2500
2025-11-13 10:05:14,361 - Caelestia - [32mINFO[0m - [SENT] 38, 38, screenshot, Screenshot, Take window screenshot, 2500
2025-11-13 10:05:14,737 - Caelestia - [32mINFO[0m - [SENT] 38, 38, screenshot, Screenshot, Take window screenshot, 2500
2025-11-13 10:05:15,048 - Caelestia - [33mWARNING[0m - Invalid JSON: {"group":"screenshot","title":"Screenshot","body":"Take window screenshot","icon":"screenshot-window","timeout":2500,"sound":"screenshot","urgency":"normal"}{"group":"screenshot","title":"Screenshot","body":"Take window screenshot","icon":"screenshot-window","timeout":2500,"sound":"screenshot","urgency":"normal"}
2025-11-13 10:05:15,293 - Caelestia - [32mINFO[0m - [SENT] 38, 38, screenshot, Screenshot, Take window screenshot, 2500
2025-11-13 10:05:15,615 - Caelestia - [32mINFO[0m - [SENT] 38, 38, screenshot, Screenshot, Take window screenshot, 2500
2025-11-13 10:05:15,863 - Caelestia - [32mINFO[0m - [SENT] 38, 38, screenshot, Screenshot, Take window screenshot, 2500
2025-11-13 10:05:16,122 - Caelestia - [32mINFO[0m - [SENT] 38, 38, screenshot, Screenshot, Take window screenshot, 2500
2025-11-13 10:05:16,379 - Caelestia - [33mWARNING[0m - Invalid JSON: {"group":"screenshot","title":"Screenshot","body":"Take window screenshot","icon":"screenshot-window","timeout":2500,"sound":"screenshot","urgency":"normal"}{"group":"screenshot","title":"Screenshot","body":"Take window screenshot","icon":"screenshot-window","timeout":2500,"sound":"screenshot","urgency":"normal"}
2025-11-13 10:05:16,858 - Caelestia - [32mINFO[0m - [SENT] 38, 38, screenshot, Screenshot, Take screen screenshot, 2500
2025-11-13 10:05:17,093 - Caelestia - [32mINFO[0m - [SENT] 38, 38, screenshot, Screenshot, Take window screenshot, 2500
2025-11-13 10:05:17,323 - Caelestia - [32mINFO[0m - [SENT] 38, 38, screenshot, Screenshot, Take window screenshot, 2500
2025-11-13 10:05:20,141 - Caelestia - [32mINFO[0m - [CLOSE] 38, screenshot, Screenshot, Take window screenshot, 2500
2025-11-13 10:05:55,370 - Caelestia - [32mINFO[0m - [SENT] 39, 0, screenshot, Screenshot, Take screen screenshot, 2500
2025-11-13 10:05:56,495 - Caelestia - [32mINFO[0m - [SENT] 39, 39, screenshot, Screenshot, Take window screenshot, 2500
2025-11-13 10:05:57,531 - Caelestia - [32mINFO[0m - [SENT] 39, 39, screenshot, Screenshot, Take screen screenshot, 2500
2025-11-13 10:05:59,359 - Caelestia - [32mINFO[0m - [SENT] 39, 39, screenshot, Screenshot, Take window screenshot, 2500
2025-11-13 10:06:01,581 - Caelestia - [32mINFO[0m - [SENT] 39, 39, screenshot, Screenshot, Take window screenshot, 2500
2025-11-13 10:06:02,760 - Caelestia - [32mINFO[0m - [SENT] 39, 39, screenshot, Screenshot, Take screen screenshot, 2500
2025-11-13 10:06:04,429 - Caelestia - [32mINFO[0m - [SENT] 39, 39, screenshot, Screenshot, Take window screenshot, 2500
2025-11-13 10:06:07,200 - Caelestia - [32mINFO[0m - [CLOSE] 39, screenshot, Screenshot, Take window screenshot, 2500
2025-11-13 10:06:11,507 - Caelestia - [32mINFO[0m - [SENT] 40, 0, screenshot, Screenshot, Take screen screenshot, 2500
2025-11-13 10:06:14,277 - Caelestia - [32mINFO[0m - [CLOSE] 40, screenshot, Screenshot, Take screen screenshot, 2500
2025-11-13 10:06:16,505 - Caelestia - [32mINFO[0m - [SENT] 41, 0, screenshot, Screenshot, Take window screenshot, 2500
2025-11-13 10:06:19,261 - Caelestia - [32mINFO[0m - [CLOSE] 41, screenshot, Screenshot, Take window screenshot, 2500
2025-11-13 10:06:35,589 - Caelestia - [32mINFO[0m - [SENT] 42, 0, screenshot, Screenshot, Take screen screenshot, 2500
2025-11-13 10:06:37,387 - Caelestia - [32mINFO[0m - [SENT] 42, 42, screenshot, Screenshot, Name is 000009.png, 2500
2025-11-13 10:06:39,346 - Caelestia - [32mINFO[0m - [SENT] 42, 42, screenshot, Screenshot, Take window screenshot, 2500
2025-11-13 10:06:41,190 - Caelestia - [32mINFO[0m - [SENT] 42, 42, screenshot, Screenshot, Name is 000010.png, 2500
2025-11-13 10:06:43,936 - Caelestia - [32mINFO[0m - [CLOSE] 42, screenshot, Screenshot, Name is 000010.png, 2500
2025-11-13 10:06:47,995 - Caelestia - [32mINFO[0m - [SENT] 43, 0, screenshot, Screenshot, Take screen screenshot, 2500
2025-11-13 10:06:49,173 - Caelestia - [32mINFO[0m - [SENT] 43, 43, screenshot, Screenshot, Name is 000011.png, 2500
2025-11-13 10:06:50,240 - Caelestia - [32mINFO[0m - [SENT] 43, 43, screenshot, Screenshot, Take window screenshot, 2500
2025-11-13 10:06:51,503 - Caelestia - [32mINFO[0m - [SENT] 43, 43, screenshot, Screenshot, Name is 000012.png, 2500
2025-11-13 10:06:54,249 - Caelestia - [32mINFO[0m - [CLOSE] 43, screenshot, Screenshot, Name is 000012.png, 2500
2025-11-13 10:07:10,639 - Caelestia - [32mINFO[0m - [SENT] 44, 0, screenshot, Screenshot, Take screen screenshot, 2500
2025-11-13 10:07:11,881 - Caelestia - [32mINFO[0m - [SENT] 44, 44, screenshot, Screenshot, Name is 000013.png, 2500
2025-11-13 10:07:13,712 - Caelestia - [32mINFO[0m - [SENT] 44, 44, screenshot, Screenshot, Take window screenshot, 2500
2025-11-13 10:07:14,934 - Caelestia - [32mINFO[0m - [SENT] 44, 44, screenshot, Screenshot, Name is 000014.png, 2500
2025-11-13 10:07:17,670 - Caelestia - [32mINFO[0m - [CLOSE] 44, screenshot, Screenshot, Name is 000014.png, 2500
2025-11-13 10:07:18,156 - Caelestia - [32mINFO[0m - [SENT] 45, 0, screenshot, Screenshot, Take area screenshot, 2500
2025-11-13 10:07:21,006 - Caelestia - [32mINFO[0m - [CLOSE] 45, screenshot, Screenshot, Take area screenshot, 2500
2025-11-13 10:07:22,904 - Caelestia - [32mINFO[0m - [SENT] 46, 0, screenshot, Screenshot, Name is 000015.png, 2500
2025-11-13 10:07:25,699 - Caelestia - [32mINFO[0m - [CLOSE] 46, screenshot, Screenshot, Name is 000015.png, 2500
2025-11-13 10:07:32,295 - Caelestia - [32mINFO[0m - [SENT] 47, 0, screenshot, Screenshot, Name is 000016.png, 2500
2025-11-13 10:07:32,529 - Caelestia - [32mINFO[0m - [SENT] 47, 47, screenshot, Screenshot, Take area screenshot, 2500
2025-11-13 10:07:35,293 - Caelestia - [32mINFO[0m - [CLOSE] 47, screenshot, Screenshot, Take area screenshot, 2500
2025-11-13 10:07:44,879 - Caelestia - [32mINFO[0m - [SENT] 48, 0, screenshot, Screenshot, Take area screenshot, 2500
2025-11-13 10:07:45,391 - Caelestia - [32mINFO[0m - [SENT] 48, 48, screenshot, Screenshot, Name is 000017.png, 2500
2025-11-13 10:07:48,145 - Caelestia - [32mINFO[0m - [CLOSE] 48, screenshot, Screenshot, Name is 000017.png, 2500
2025-11-13 10:11:33,646 - Caelestia - [32mINFO[0m - [SENT] 49, 0, screenshot, Screenshot, Take screen screenshot, 2500
2025-11-13 10:11:36,113 - Caelestia - [32mINFO[0m - [SENT] 49, 49, screenshot, Screenshot, Name is false, 2500
2025-11-13 10:11:38,938 - Caelestia - [32mINFO[0m - [CLOSE] 49, screenshot, Screenshot, Name is false, 2500
2025-11-13 10:11:52,987 - Caelestia - [32mINFO[0m - [SENT] 50, 0, screenshot, Screenshot, Take screen screenshot, 2500
2025-11-13 10:11:54,414 - Caelestia - [32mINFO[0m - [SENT] 50, 50, screenshot, Screenshot, Name is genarate_name, 2500
2025-11-13 10:11:57,160 - Caelestia - [32mINFO[0m - [CLOSE] 50, screenshot, Screenshot, Name is genarate_name, 2500
2025-11-13 10:12:07,493 - Caelestia - [32mINFO[0m - [SENT] 51, 0, screenshot, Screenshot, Take screen screenshot, 2500
2025-11-13 10:12:08,793 - Caelestia - [32mINFO[0m - [SENT] 51, 51, screenshot, Screenshot, Name is 000018.png, 2500
2025-11-13 10:12:09,809 - Caelestia - [32mINFO[0m - [SENT] 51, 51, screenshot, Screenshot, Take window screenshot, 2500
2025-11-13 10:12:11,046 - Caelestia - [32mINFO[0m - [SENT] 51, 51, screenshot, Screenshot, Name is 000019.png, 2500
2025-11-13 10:12:12,261 - Caelestia - [32mINFO[0m - [SENT] 51, 51, screenshot, Screenshot, Take screen screenshot, 2500
2025-11-13 10:12:13,690 - Caelestia - [32mINFO[0m - [SENT] 51, 51, screenshot, Screenshot, Name is 000020.png, 2500
2025-11-13 10:12:14,551 - Caelestia - [32mINFO[0m - [SENT] 51, 51, screenshot, Screenshot, Take screen screenshot, 2500
2025-11-13 10:12:15,759 - Caelestia - [32mINFO[0m - [SENT] 51, 51, screenshot, Screenshot, Name is 000021.png, 2500
2025-11-13 10:12:16,708 - Caelestia - [32mINFO[0m - [SENT] 51, 51, screenshot, Screenshot, Take screen screenshot, 2500
2025-11-13 10:12:18,044 - Caelestia - [32mINFO[0m - [SENT] 51, 51, screenshot, Screenshot, Name is 000022.png, 2500
2025-11-13 10:12:18,691 - Caelestia - [32mINFO[0m - [SENT] 51, 51, screenshot, Screenshot, Take screen screenshot, 2500
2025-11-13 10:12:19,878 - Caelestia - [32mINFO[0m - [SENT] 51, 51, screenshot, Screenshot, Name is 000023.png, 2500
2025-11-13 10:12:22,651 - Caelestia - [32mINFO[0m - [CLOSE] 51, screenshot, Screenshot, Name is 000023.png, 2500
2025-11-13 10:12:23,368 - Caelestia - [32mINFO[0m - [SENT] 52, 0, screenshot, Screenshot, Take area screenshot, 2500
2025-11-13 10:12:23,882 - Caelestia - [32mINFO[0m - [SENT] 52, 52, screenshot, Screenshot, Name is 000024.png, 2500
2025-11-13 10:12:26,623 - Caelestia - [32mINFO[0m - [CLOSE] 52, screenshot, Screenshot, Name is 000024.png, 2500
2025-11-13 10:16:46,416 - Caelestia - [32mINFO[0m - [SENT] 53, 0, caelestia-lock, Caelestia, Lock, 2500
2025-11-13 10:16:49,204 - Caelestia - [32mINFO[0m - [CLOSE] 53, caelestia-lock, Caelestia, Lock, 2500
2025-11-13 10:17:07,330 - Caelestia - [32mINFO[0m - [SENT] 54, 0, caelestia-lock, Caelestia, Lock, 2500
2025-11-13 10:17:10,059 - Caelestia - [32mINFO[0m - [CLOSE] 54, caelestia-lock, Caelestia, Lock, 2500
2025-11-13 10:18:31,656 - Caelestia - [32mINFO[0m - [SENT] 55, 0, hyprland-decoration, Decoration, Change opacity, 2500
2025-11-13 10:18:32,935 - Caelestia - [32mINFO[0m - [SENT] 55, 55, hyprland-decoration, Decoration, Change opacity, 2500
2025-11-13 10:18:35,512 - Caelestia - [32mINFO[0m - [SENT] 56, 0, caelestia-panels, Caelestia, Hide bar, 2500
2025-11-13 10:18:35,971 - Caelestia - [32mINFO[0m - [CLOSE] 55, hyprland-decoration, Decoration, Change opacity, 2500
2025-11-13 10:18:36,639 - Caelestia - [32mINFO[0m - [SENT] 56, 56, caelestia-panels, Caelestia, Unhide bar, 2500
2025-11-13 10:18:38,935 - Caelestia - [32mINFO[0m - [SENT] 56, 56, caelestia-panels, Caelestia, Unmoveble bar, 2500
2025-11-13 10:18:39,901 - Caelestia - [32mINFO[0m - [SENT] 56, 56, caelestia-panels, Caelestia, Moveble bar, 2500
2025-11-13 10:18:41,295 - Caelestia - [32mINFO[0m - [SENT] 57, 0, hyprland-decoration, Decoration, Normal blur, 2500
2025-11-13 10:18:42,286 - Caelestia - [32mINFO[0m - [SENT] 57, 57, hyprland-decoration, Decoration, Less blur, 2500
2025-11-13 10:18:42,646 - Caelestia - [32mINFO[0m - [CLOSE] 56, caelestia-panels, Caelestia, Moveble bar, 2500
2025-11-13 10:18:43,227 - Caelestia - [32mINFO[0m - [SENT] 57, 57, hyprland-decoration, Decoration, Normal blur, 2500
2025-11-13 10:18:44,160 - Caelestia - [32mINFO[0m - [SENT] 57, 57, hyprland-decoration, Decoration, Less blur, 2500
2025-11-13 10:18:45,151 - Caelestia - [32mINFO[0m - [SENT] 57, 57, hyprland-decoration, Decoration, Normal blur, 2500
2025-11-13 10:18:46,326 - Caelestia - [32mINFO[0m - [SENT] 57, 57, hyprland-decoration, Decoration, Less blur, 2500
2025-11-13 10:18:47,448 - Caelestia - [32mINFO[0m - [SENT] 57, 57, hyprland-decoration, Decoration, Normal blur, 2500
2025-11-13 10:18:48,614 - Caelestia - [32mINFO[0m - [SENT] 57, 57, hyprland-decoration, Decoration, Less blur, 2500
2025-11-13 10:18:49,607 - Caelestia - [32mINFO[0m - [SENT] 57, 57, hyprland-decoration, Decoration, Normal blur, 2500
2025-11-13 10:18:52,370 - Caelestia - [32mINFO[0m - [CLOSE] 57, hyprland-decoration, Decoration, Normal blur, 2500
2025-11-13 10:28:42,052 - Caelestia - [32mINFO[0m - [SENT] 58, 0, hyprland, Hyprland, The device will be locked after 1 minute., 2500
2025-11-13 10:28:44,882 - Caelestia - [32mINFO[0m - [CLOSE] 58, hyprland, Hyprland, The device will be locked after 1 minute., 2500
2025-11-13 14:35:24,874 - Caelestia - [32mINFO[0m - [SENT] 59, 0, hyprland, Hyprland, The device was unlocked, 2500
2025-11-13 14:35:27,819 - Caelestia - [32mINFO[0m - [CLOSE] 59, hyprland, Hyprland, The device was unlocked, 2500
2025-11-13 14:36:19,523 - Caelestia - [32mINFO[0m - [SENT] 61, 0, caelestia-panels, Caelestia, Hide bar, 2500
2025-11-13 14:36:22,875 - Caelestia - [32mINFO[0m - [CLOSE] 61, caelestia-panels, Caelestia, Hide bar, 2500
2025-11-13 15:05:11,069 - Caelestia - [32mINFO[0m - [SENT] 62, 0, hyprland, Hyprland, The device will be locked after 1 minute., 2500
2025-11-13 15:05:13,940 - Caelestia - [32mINFO[0m - [CLOSE] 62, hyprland, Hyprland, The device will be locked after 1 minute., 2500
2025-11-13 16:19:43,160 - Caelestia - [32mINFO[0m - [SENT] 63, 0, hyprland, Hyprland, The device was unlocked, 2500
2025-11-13 16:19:46,242 - Caelestia - [32mINFO[0m - [CLOSE] 63, hyprland, Hyprland, The device was unlocked, 2500
2025-11-13 16:46:11,484 - Caelestia - [32mINFO[0m - [SENT] 64, 0, airplane, Airplane, Enabled, 2500
2025-11-13 16:46:14,374 - Caelestia - [32mINFO[0m - [CLOSE] 64, airplane, Airplane, Enabled, 2500
2025-11-13 16:46:20,719 - Caelestia - [32mINFO[0m - [SENT] 65, 0, airplane, Airplane, Disabled, 2500
2025-11-13 16:46:23,458 - Caelestia - [32mINFO[0m - [CLOSE] 65, airplane, Airplane, Disabled, 2500
2025-11-13 17:01:06,580 - Caelestia - [32mINFO[0m - [SENT] 67, 0, hyprland, Hyprland, The device will be locked after 1 minute., 2500
2025-11-13 17:01:09,210 - Caelestia - [32mINFO[0m - [CLOSE] 67, hyprland, Hyprland, The device will be locked after 1 minute., 2500
2025-11-13 17:02:26,510 - Caelestia - [32mINFO[0m - [SENT] 68, 0, hyprland, Hyprland, The device was unlocked, 2500
2025-11-13 17:02:29,231 - Caelestia - [32mINFO[0m - [CLOSE] 68, hyprland, Hyprland, The device was unlocked, 2500
2025-11-14 00:21:48,330 - Caelestia - [32mINFO[0m - [SENT] 70, 0, hyprland, Hyprland, The device will be locked after 1 minute., 2500
2025-11-14 00:21:50,965 - Caelestia - [32mINFO[0m - [CLOSE] 70, hyprland, Hyprland, The device will be locked after 1 minute., 2500
2025-11-14 00:30:45,476 - Caelestia - [32mINFO[0m - [SENT] 71, 0, hyprland, Hyprland, The device was unlocked, 2500
2025-11-14 00:30:48,108 - Caelestia - [32mINFO[0m - [CLOSE] 71, hyprland, Hyprland, The device was unlocked, 2500
2025-11-14 00:39:45,475 - Caelestia - [32mINFO[0m - [SENT] 72, 0, hyprland, Hyprland, The device will be locked after 1 minute., 2500
2025-11-14 00:39:48,101 - Caelestia - [32mINFO[0m - [CLOSE] 72, hyprland, Hyprland, The device will be locked after 1 minute., 2500
2025-11-14 00:51:10,477 - Caelestia - [32mINFO[0m - [SENT] 73, 0, hyprland, Hyprland, The device was unlocked, 2500
2025-11-14 00:51:13,114 - Caelestia - [32mINFO[0m - [CLOSE] 73, hyprland, Hyprland, The device was unlocked, 2500
2025-11-14 01:56:11,749 - Caelestia - [32mINFO[0m - [SENT] 74, 0, caelestia-panels, Caelestia, Unhide bar, 2500
2025-11-14 01:56:14,118 - Caelestia - [32mINFO[0m - [SENT] 74, 74, caelestia-panels, Caelestia, Hide bar, 2500
2025-11-14 01:56:15,175 - Caelestia - [32mINFO[0m - [SENT] 74, 74, caelestia-panels, Caelestia, Unhide bar, 2500
2025-11-14 01:56:15,626 - Caelestia - [32mINFO[0m - [SENT] 74, 74, caelestia-panels, Caelestia, Hide bar, 2500
2025-11-14 01:56:18,270 - Caelestia - [32mINFO[0m - [CLOSE] 74, caelestia-panels, Caelestia, Hide bar, 2500
2025-11-14 02:11:37,297 - Caelestia - [32mINFO[0m - [SENT] 75, 0, caelestia-panels, Caelestia, Unhide bar, 2500
2025-11-14 02:11:38,141 - Caelestia - [32mINFO[0m - [SENT] 75, 75, caelestia-panels, Caelestia, Hide bar, 2500
2025-11-14 02:11:40,788 - Caelestia - [32mINFO[0m - [CLOSE] 75, caelestia-panels, Caelestia, Hide bar, 2500
2025-11-14 03:01:27,083 - Caelestia - [32mINFO[0m - [SENT] 76, 0, hyprland, Hyprland, The device will be locked after 1 minute., 2500
2025-11-14 03:01:29,779 - Caelestia - [32mINFO[0m - [CLOSE] 76, hyprland, Hyprland, The device will be locked after 1 minute., 2500
2025-11-14 03:14:22,485 - Caelestia - [32mINFO[0m - [SENT] 77, 0, hyprland, Hyprland, The device was unlocked, 2500
2025-11-14 03:14:25,119 - Caelestia - [32mINFO[0m - [CLOSE] 77, hyprland, Hyprland, The device was unlocked, 2500
2025-11-14 04:19:42,381 - Caelestia - [32mINFO[0m - [SENT] 78, 0, hyprland, Hyprland, The device will be locked after 1 minute., 2500
2025-11-14 04:19:45,148 - Caelestia - [32mINFO[0m - [CLOSE] 78, hyprland, Hyprland, The device will be locked after 1 minute., 2500
2025-11-14 04:23:53,673 - Caelestia - [32mINFO[0m - [SENT] 79, 0, hyprland, Hyprland, The device was unlocked, 2500
2025-11-14 04:23:56,312 - Caelestia - [32mINFO[0m - [CLOSE] 79, hyprland, Hyprland, The device was unlocked, 2500
2025-11-14 04:45:56,944 - Caelestia - [32mINFO[0m - [SENT] 80, 0, caelestia-panels, Caelestia, Unhide bar, 2500
2025-11-14 04:45:58,357 - Caelestia - [32mINFO[0m - [SENT] 80, 80, caelestia-panels, Caelestia, Hide bar, 2500
2025-11-14 04:46:01,006 - Caelestia - [32mINFO[0m - [CLOSE] 80, caelestia-panels, Caelestia, Hide bar, 2500
2025-11-14 05:26:58,007 - Caelestia - [32mINFO[0m - [SENT] 81, 0, caelestia-panels, Caelestia, Unhide bar, 2500
2025-11-14 05:27:00,844 - Caelestia - [32mINFO[0m - [CLOSE] 81, caelestia-panels, Caelestia, Unhide bar, 2500
2025-11-14 06:00:36,650 - Caelestia - [32mINFO[0m - [SENT] 82, 0, caelestia-panels, Caelestia, Hide bar, 2500
2025-11-14 06:00:39,508 - Caelestia - [32mINFO[0m - [CLOSE] 82, caelestia-panels, Caelestia, Hide bar, 2500
2025-11-14 14:30:48,219 - Caelestia - [32mINFO[0m - [SENT] 84, 0, caelestia-panels, Caelestia, Unhide bar, 2500
2025-11-14 14:30:51,169 - Caelestia - [32mINFO[0m - [CLOSE] 84, caelestia-panels, Caelestia, Unhide bar, 2500
2025-11-14 14:57:37,663 - Caelestia - [32mINFO[0m - [SENT] 85, 0, hyprland, Hyprland, The device will be locked after 1 minute., 2500
2025-11-14 14:57:40,291 - Caelestia - [32mINFO[0m - [CLOSE] 85, hyprland, Hyprland, The device will be locked after 1 minute., 2500
2025-11-14 15:39:46,862 - Caelestia - [32mINFO[0m - [SENT] 86, 0, hyprland, Hyprland, The device was unlocked, 2500
2025-11-14 15:39:49,611 - Caelestia - [32mINFO[0m - [CLOSE] 86, hyprland, Hyprland, The device was unlocked, 2500
